[2025-10-04T06:24:39.182+0000] {processor.py:161} INFO - Started process (PID=32) to work on /opt/airflow/dags/dag2.py
[2025-10-04T06:24:39.196+0000] {processor.py:830} INFO - Processing file /opt/airflow/dags/dag2.py for tasks to queue
[2025-10-04T06:24:39.223+0000] {logging_mixin.py:188} INFO - [2025-10-04T06:24:39.211+0000] {dagbag.py:545} INFO - Filling up the DagBag from /opt/airflow/dags/dag2.py
[2025-10-04T06:24:39.587+0000] {processor.py:840} INFO - DAG(s) 'dag1' retrieved from /opt/airflow/dags/dag2.py
[2025-10-04T06:24:41.151+0000] {logging_mixin.py:188} INFO - [2025-10-04T06:24:41.151+0000] {dag.py:3096} INFO - Sync 1 DAGs
[2025-10-04T06:24:41.276+0000] {logging_mixin.py:188} INFO - [2025-10-04T06:24:41.275+0000] {dag.py:3954} INFO - Setting next_dagrun for dag1 to 2025-10-04 06:23:00+00:00, run_after=2025-10-04 06:24:00+00:00
[2025-10-04T06:24:41.363+0000] {processor.py:183} INFO - Processing /opt/airflow/dags/dag2.py took 2.256 seconds
[2025-10-04T06:25:12.082+0000] {processor.py:161} INFO - Started process (PID=86) to work on /opt/airflow/dags/dag2.py
[2025-10-04T06:25:12.086+0000] {processor.py:830} INFO - Processing file /opt/airflow/dags/dag2.py for tasks to queue
[2025-10-04T06:25:12.093+0000] {logging_mixin.py:188} INFO - [2025-10-04T06:25:12.093+0000] {dagbag.py:545} INFO - Filling up the DagBag from /opt/airflow/dags/dag2.py
[2025-10-04T06:25:12.137+0000] {processor.py:840} INFO - DAG(s) 'dag1' retrieved from /opt/airflow/dags/dag2.py
[2025-10-04T06:25:12.185+0000] {logging_mixin.py:188} INFO - [2025-10-04T06:25:12.184+0000] {dag.py:3096} INFO - Sync 1 DAGs
[2025-10-04T06:25:12.243+0000] {logging_mixin.py:188} INFO - [2025-10-04T06:25:12.242+0000] {dag.py:3954} INFO - Setting next_dagrun for dag1 to 2025-10-04 06:24:00+00:00, run_after=2025-10-04 06:25:00+00:00
[2025-10-04T06:25:12.307+0000] {processor.py:183} INFO - Processing /opt/airflow/dags/dag2.py took 0.243 seconds
[2025-10-04T06:25:47.756+0000] {processor.py:161} INFO - Started process (PID=140) to work on /opt/airflow/dags/dag2.py
[2025-10-04T06:25:47.781+0000] {processor.py:830} INFO - Processing file /opt/airflow/dags/dag2.py for tasks to queue
[2025-10-04T06:25:47.800+0000] {logging_mixin.py:188} INFO - [2025-10-04T06:25:47.798+0000] {dagbag.py:545} INFO - Filling up the DagBag from /opt/airflow/dags/dag2.py
[2025-10-04T06:25:47.932+0000] {processor.py:840} INFO - DAG(s) 'dag1' retrieved from /opt/airflow/dags/dag2.py
[2025-10-04T06:25:48.109+0000] {logging_mixin.py:188} INFO - [2025-10-04T06:25:48.108+0000] {dag.py:3096} INFO - Sync 1 DAGs
[2025-10-04T06:25:48.231+0000] {logging_mixin.py:188} INFO - [2025-10-04T06:25:48.231+0000] {dag.py:3954} INFO - Setting next_dagrun for dag1 to 2025-10-04 06:24:00+00:00, run_after=2025-10-04 06:25:00+00:00
[2025-10-04T06:25:48.309+0000] {processor.py:183} INFO - Processing /opt/airflow/dags/dag2.py took 0.644 seconds
[2025-10-04T06:26:23.921+0000] {processor.py:161} INFO - Started process (PID=180) to work on /opt/airflow/dags/dag2.py
[2025-10-04T06:26:23.925+0000] {processor.py:830} INFO - Processing file /opt/airflow/dags/dag2.py for tasks to queue
[2025-10-04T06:26:23.931+0000] {logging_mixin.py:188} INFO - [2025-10-04T06:26:23.930+0000] {dagbag.py:545} INFO - Filling up the DagBag from /opt/airflow/dags/dag2.py
[2025-10-04T06:26:23.988+0000] {processor.py:840} INFO - DAG(s) 'dag1' retrieved from /opt/airflow/dags/dag2.py
[2025-10-04T06:26:24.069+0000] {logging_mixin.py:188} INFO - [2025-10-04T06:26:24.067+0000] {dag.py:3096} INFO - Sync 1 DAGs
[2025-10-04T06:26:25.624+0000] {logging_mixin.py:188} INFO - [2025-10-04T06:26:25.623+0000] {process_utils.py:263} INFO - Waiting up to 5 seconds for processes to exit...
[2025-10-04T06:27:06.465+0000] {processor.py:161} INFO - Started process (PID=31) to work on /opt/airflow/dags/dag2.py
[2025-10-04T06:27:06.470+0000] {processor.py:830} INFO - Processing file /opt/airflow/dags/dag2.py for tasks to queue
[2025-10-04T06:27:06.485+0000] {logging_mixin.py:188} INFO - [2025-10-04T06:27:06.484+0000] {dagbag.py:545} INFO - Filling up the DagBag from /opt/airflow/dags/dag2.py
[2025-10-04T06:27:06.588+0000] {processor.py:840} INFO - DAG(s) 'dag1' retrieved from /opt/airflow/dags/dag2.py
[2025-10-04T06:27:06.789+0000] {logging_mixin.py:188} INFO - [2025-10-04T06:27:06.788+0000] {dag.py:3096} INFO - Sync 1 DAGs
[2025-10-04T06:27:06.862+0000] {logging_mixin.py:188} INFO - [2025-10-04T06:27:06.862+0000] {dag.py:3954} INFO - Setting next_dagrun for dag1 to 2025-10-04 06:26:00+00:00, run_after=2025-10-04 06:27:00+00:00
[2025-10-04T06:27:06.917+0000] {processor.py:183} INFO - Processing /opt/airflow/dags/dag2.py took 0.523 seconds
[2025-10-04T06:28:04.859+0000] {processor.py:161} INFO - Started process (PID=32) to work on /opt/airflow/dags/dag2.py
[2025-10-04T06:28:04.863+0000] {processor.py:830} INFO - Processing file /opt/airflow/dags/dag2.py for tasks to queue
[2025-10-04T06:28:04.881+0000] {logging_mixin.py:188} INFO - [2025-10-04T06:28:04.879+0000] {dagbag.py:545} INFO - Filling up the DagBag from /opt/airflow/dags/dag2.py
[2025-10-04T06:28:05.145+0000] {processor.py:840} INFO - DAG(s) 'dag1' retrieved from /opt/airflow/dags/dag2.py
[2025-10-04T06:28:05.564+0000] {logging_mixin.py:188} INFO - [2025-10-04T06:28:05.563+0000] {dag.py:3096} INFO - Sync 1 DAGs
[2025-10-04T06:28:05.799+0000] {logging_mixin.py:188} INFO - [2025-10-04T06:28:05.792+0000] {dag.py:3954} INFO - Setting next_dagrun for dag1 to 2025-10-04 06:27:00+00:00, run_after=2025-10-04 06:28:00+00:00
[2025-10-04T06:28:06.021+0000] {processor.py:183} INFO - Processing /opt/airflow/dags/dag2.py took 1.191 seconds
[2025-10-04T06:29:04.528+0000] {processor.py:161} INFO - Started process (PID=32) to work on /opt/airflow/dags/dag2.py
[2025-10-04T06:29:04.531+0000] {processor.py:830} INFO - Processing file /opt/airflow/dags/dag2.py for tasks to queue
[2025-10-04T06:29:04.537+0000] {logging_mixin.py:188} INFO - [2025-10-04T06:29:04.536+0000] {dagbag.py:545} INFO - Filling up the DagBag from /opt/airflow/dags/dag2.py
[2025-10-04T06:29:04.597+0000] {processor.py:840} INFO - DAG(s) 'dag1' retrieved from /opt/airflow/dags/dag2.py
[2025-10-04T06:29:04.732+0000] {logging_mixin.py:188} INFO - [2025-10-04T06:29:04.730+0000] {dag.py:3096} INFO - Sync 1 DAGs
[2025-10-04T06:29:04.797+0000] {logging_mixin.py:188} INFO - [2025-10-04T06:29:04.796+0000] {dag.py:3954} INFO - Setting next_dagrun for dag1 to 2025-10-04 06:28:00+00:00, run_after=2025-10-04 06:29:00+00:00
[2025-10-04T06:29:04.864+0000] {processor.py:183} INFO - Processing /opt/airflow/dags/dag2.py took 0.354 seconds
[2025-10-04T06:29:59.387+0000] {processor.py:161} INFO - Started process (PID=32) to work on /opt/airflow/dags/dag2.py
[2025-10-04T06:29:59.389+0000] {processor.py:830} INFO - Processing file /opt/airflow/dags/dag2.py for tasks to queue
[2025-10-04T06:29:59.395+0000] {logging_mixin.py:188} INFO - [2025-10-04T06:29:59.394+0000] {dagbag.py:545} INFO - Filling up the DagBag from /opt/airflow/dags/dag2.py
[2025-10-04T06:29:59.457+0000] {processor.py:840} INFO - DAG(s) 'dag1' retrieved from /opt/airflow/dags/dag2.py
[2025-10-04T06:29:59.683+0000] {logging_mixin.py:188} INFO - [2025-10-04T06:29:59.681+0000] {dag.py:3096} INFO - Sync 1 DAGs
[2025-10-04T06:29:59.753+0000] {logging_mixin.py:188} INFO - [2025-10-04T06:29:59.752+0000] {dag.py:3954} INFO - Setting next_dagrun for dag1 to 2025-10-04 06:28:00+00:00, run_after=2025-10-04 06:29:00+00:00
[2025-10-04T06:29:59.813+0000] {processor.py:183} INFO - Processing /opt/airflow/dags/dag2.py took 0.440 seconds
[2025-10-04T06:30:50.801+0000] {processor.py:161} INFO - Started process (PID=32) to work on /opt/airflow/dags/dag2.py
[2025-10-04T06:30:50.804+0000] {processor.py:830} INFO - Processing file /opt/airflow/dags/dag2.py for tasks to queue
[2025-10-04T06:30:50.814+0000] {logging_mixin.py:188} INFO - [2025-10-04T06:30:50.813+0000] {dagbag.py:545} INFO - Filling up the DagBag from /opt/airflow/dags/dag2.py
[2025-10-04T06:30:50.918+0000] {processor.py:840} INFO - DAG(s) 'dag1' retrieved from /opt/airflow/dags/dag2.py
[2025-10-04T06:30:51.472+0000] {logging_mixin.py:188} INFO - [2025-10-04T06:30:51.463+0000] {dag.py:3096} INFO - Sync 1 DAGs
[2025-10-04T06:30:51.685+0000] {logging_mixin.py:188} INFO - [2025-10-04T06:30:51.672+0000] {dag.py:3954} INFO - Setting next_dagrun for dag1 to 2025-10-04 06:29:00+00:00, run_after=2025-10-04 06:30:00+00:00
[2025-10-04T06:30:52.181+0000] {processor.py:183} INFO - Processing /opt/airflow/dags/dag2.py took 1.402 seconds
[2025-10-04T06:31:53.930+0000] {processor.py:161} INFO - Started process (PID=32) to work on /opt/airflow/dags/dag2.py
[2025-10-04T06:31:53.934+0000] {processor.py:830} INFO - Processing file /opt/airflow/dags/dag2.py for tasks to queue
[2025-10-04T06:31:53.944+0000] {logging_mixin.py:188} INFO - [2025-10-04T06:31:53.943+0000] {dagbag.py:545} INFO - Filling up the DagBag from /opt/airflow/dags/dag2.py
[2025-10-04T06:31:54.059+0000] {processor.py:840} INFO - DAG(s) 'dag1' retrieved from /opt/airflow/dags/dag2.py
[2025-10-04T06:33:00.424+0000] {processor.py:161} INFO - Started process (PID=32) to work on /opt/airflow/dags/dag2.py
[2025-10-04T06:33:00.427+0000] {processor.py:830} INFO - Processing file /opt/airflow/dags/dag2.py for tasks to queue
[2025-10-04T06:33:00.433+0000] {logging_mixin.py:188} INFO - [2025-10-04T06:33:00.432+0000] {dagbag.py:545} INFO - Filling up the DagBag from /opt/airflow/dags/dag2.py
[2025-10-04T06:33:00.496+0000] {processor.py:840} INFO - DAG(s) 'dag1' retrieved from /opt/airflow/dags/dag2.py
[2025-10-04T06:33:00.699+0000] {logging_mixin.py:188} INFO - [2025-10-04T06:33:00.698+0000] {dag.py:3096} INFO - Sync 1 DAGs
[2025-10-04T06:33:00.813+0000] {logging_mixin.py:188} INFO - [2025-10-04T06:33:00.804+0000] {dag.py:3954} INFO - Setting next_dagrun for dag1 to 2025-10-04 06:32:00+00:00, run_after=2025-10-04 06:33:00+00:00
[2025-10-04T06:38:15.368+0000] {processor.py:183} INFO - Processing /opt/airflow/dags/dag2.py took 314.964 seconds
[2025-10-04T06:39:19.381+0000] {processor.py:161} INFO - Started process (PID=32) to work on /opt/airflow/dags/dag2.py
[2025-10-04T06:39:19.386+0000] {processor.py:830} INFO - Processing file /opt/airflow/dags/dag2.py for tasks to queue
[2025-10-04T06:39:19.395+0000] {logging_mixin.py:188} INFO - [2025-10-04T06:39:19.394+0000] {dagbag.py:545} INFO - Filling up the DagBag from /opt/airflow/dags/dag2.py
[2025-10-04T06:39:19.477+0000] {processor.py:840} INFO - DAG(s) 'dag1' retrieved from /opt/airflow/dags/dag2.py
[2025-10-04T06:39:19.674+0000] {logging_mixin.py:188} INFO - [2025-10-04T06:39:19.673+0000] {dag.py:3096} INFO - Sync 1 DAGs
[2025-10-04T06:39:19.771+0000] {logging_mixin.py:188} INFO - [2025-10-04T06:39:19.771+0000] {dag.py:3954} INFO - Setting next_dagrun for dag1 to 2025-10-04 06:38:00+00:00, run_after=2025-10-04 06:39:00+00:00
[2025-10-04T06:39:19.848+0000] {processor.py:183} INFO - Processing /opt/airflow/dags/dag2.py took 0.490 seconds
[2025-10-04T06:41:32.641+0000] {processor.py:161} INFO - Started process (PID=32) to work on /opt/airflow/dags/dag2.py
[2025-10-04T06:41:32.649+0000] {processor.py:830} INFO - Processing file /opt/airflow/dags/dag2.py for tasks to queue
[2025-10-04T06:41:32.680+0000] {logging_mixin.py:188} INFO - [2025-10-04T06:41:32.678+0000] {dagbag.py:545} INFO - Filling up the DagBag from /opt/airflow/dags/dag2.py
[2025-10-04T06:41:32.750+0000] {processor.py:840} INFO - DAG(s) 'dag1' retrieved from /opt/airflow/dags/dag2.py
[2025-10-04T06:41:32.916+0000] {logging_mixin.py:188} INFO - [2025-10-04T06:41:32.915+0000] {dag.py:3096} INFO - Sync 1 DAGs
[2025-10-04T06:41:33.024+0000] {logging_mixin.py:188} INFO - [2025-10-04T06:41:33.023+0000] {dag.py:3954} INFO - Setting next_dagrun for dag1 to 2025-10-04 06:40:00+00:00, run_after=2025-10-04 06:41:00+00:00
[2025-10-04T06:41:33.098+0000] {processor.py:183} INFO - Processing /opt/airflow/dags/dag2.py took 0.483 seconds
