[2025-10-04T06:42:32.376+0000] {local_task_job_runner.py:120} INFO - ::group::Pre task execution logs
[2025-10-04T06:42:32.735+0000] {taskinstance.py:2076} INFO - Dependencies all met for dep_context=non-requeueable deps ti=<TaskInstance: dag1.hello manual__2025-10-04T06:38:15.584965+00:00 [queued]>
[2025-10-04T06:42:32.787+0000] {taskinstance.py:2076} INFO - Dependencies all met for dep_context=requeueable deps ti=<TaskInstance: dag1.hello manual__2025-10-04T06:38:15.584965+00:00 [queued]>
[2025-10-04T06:42:32.792+0000] {taskinstance.py:2306} INFO - Starting attempt 1 of 1
[2025-10-04T06:42:32.911+0000] {taskinstance.py:2330} INFO - Executing <Task(BashOperator): hello> on 2025-10-04 06:38:15.584965+00:00
[2025-10-04T06:42:32.956+0000] {warnings.py:112} WARNING - /home/***/.local/lib/python3.12/site-packages/***/task/task_runner/standard_task_runner.py:61: DeprecationWarning: This process (pid=91) is multi-threaded, use of fork() may lead to deadlocks in the child.
  pid = os.fork()

[2025-10-04T06:42:32.969+0000] {standard_task_runner.py:63} INFO - Started process 105 to run task
[2025-10-04T06:42:33.005+0000] {standard_task_runner.py:90} INFO - Running: ['***', 'tasks', 'run', 'dag1', 'hello', 'manual__2025-10-04T06:38:15.584965+00:00', '--job-id', '478', '--raw', '--subdir', 'DAGS_FOLDER/dag2.py', '--cfg-path', '/tmp/tmpriju4a9b']
[2025-10-04T06:42:33.027+0000] {standard_task_runner.py:91} INFO - Job 478: Subtask hello
[2025-10-04T06:42:33.190+0000] {warnings.py:112} WARNING - /home/***/.local/lib/python3.12/site-packages/***/settings.py:195: DeprecationWarning: The sql_alchemy_conn option in [core] has been moved to the sql_alchemy_conn option in [database] - the old setting has been used, but please update your config.
  SQL_ALCHEMY_CONN = conf.get("database", "SQL_ALCHEMY_CONN")

[2025-10-04T06:42:33.589+0000] {task_command.py:426} INFO - Running <TaskInstance: dag1.hello manual__2025-10-04T06:38:15.584965+00:00 [running]> on host d0daf19c77b2
[2025-10-04T06:42:34.286+0000] {taskinstance.py:2648} INFO - Exporting env vars: AIRFLOW_CTX_DAG_OWNER='***' AIRFLOW_CTX_DAG_ID='dag1' AIRFLOW_CTX_TASK_ID='hello' AIRFLOW_CTX_EXECUTION_DATE='2025-10-04T06:38:15.584965+00:00' AIRFLOW_CTX_TRY_NUMBER='1' AIRFLOW_CTX_DAG_RUN_ID='manual__2025-10-04T06:38:15.584965+00:00'
[2025-10-04T06:42:34.307+0000] {taskinstance.py:430} INFO - ::endgroup::
[2025-10-04T06:42:34.317+0000] {subprocess.py:63} INFO - Tmp dir root location: /tmp
[2025-10-04T06:42:34.321+0000] {subprocess.py:75} INFO - Running command: ['/usr/bin/bash', '-c', 'echo "My name is Mohamed Abdelkader"']
[2025-10-04T06:42:34.405+0000] {subprocess.py:86} INFO - Output:
[2025-10-04T06:42:34.438+0000] {subprocess.py:93} INFO - My name is Mohamed Abdelkader
[2025-10-04T06:42:34.441+0000] {subprocess.py:97} INFO - Command exited with return code 0
[2025-10-04T06:42:34.448+0000] {taskinstance.py:441} INFO - ::group::Post task execution logs
[2025-10-04T06:42:34.660+0000] {taskinstance.py:1206} INFO - Marking task as SUCCESS. dag_id=dag1, task_id=hello, run_id=manual__2025-10-04T06:38:15.584965+00:00, execution_date=20251004T063815, start_date=20251004T064232, end_date=20251004T064234
[2025-10-04T06:42:34.882+0000] {local_task_job_runner.py:240} INFO - Task exited with return code 0
[2025-10-04T06:42:35.041+0000] {taskinstance.py:3503} INFO - 1 downstream tasks scheduled from follow-on schedule check
[2025-10-04T06:42:35.053+0000] {local_task_job_runner.py:222} INFO - ::endgroup::
