[2025-10-04T06:27:21.841+0000] {local_task_job_runner.py:120} INFO - ::group::Pre task execution logs
[2025-10-04T06:27:21.898+0000] {taskinstance.py:2076} INFO - Dependencies all met for dep_context=non-requeueable deps ti=<TaskInstance: dag2.python_task manual__2025-10-04T06:26:15.660994+00:00 [queued]>
[2025-10-04T06:27:21.923+0000] {taskinstance.py:2076} INFO - Dependencies all met for dep_context=requeueable deps ti=<TaskInstance: dag2.python_task manual__2025-10-04T06:26:15.660994+00:00 [queued]>
[2025-10-04T06:27:21.925+0000] {taskinstance.py:2306} INFO - Starting attempt 1 of 1
[2025-10-04T06:27:21.968+0000] {taskinstance.py:2330} INFO - Executing <Task(PythonOperator): python_task> on 2025-10-04 06:26:15.660994+00:00
[2025-10-04T06:27:21.994+0000] {warnings.py:112} WARNING - /home/***/.local/lib/python3.12/site-packages/***/task/task_runner/standard_task_runner.py:61: DeprecationWarning: This process (pid=59) is multi-threaded, use of fork() may lead to deadlocks in the child.
  pid = os.fork()

[2025-10-04T06:27:21.998+0000] {standard_task_runner.py:63} INFO - Started process 65 to run task
[2025-10-04T06:27:21.997+0000] {standard_task_runner.py:90} INFO - Running: ['***', 'tasks', 'run', 'dag2', 'python_task', 'manual__2025-10-04T06:26:15.660994+00:00', '--job-id', '466', '--raw', '--subdir', 'DAGS_FOLDER/dag1.py', '--cfg-path', '/tmp/tmpju5mgbg1']
[2025-10-04T06:27:22.002+0000] {standard_task_runner.py:91} INFO - Job 466: Subtask python_task
[2025-10-04T06:27:22.064+0000] {warnings.py:112} WARNING - /home/***/.local/lib/python3.12/site-packages/***/settings.py:195: DeprecationWarning: The sql_alchemy_conn option in [core] has been moved to the sql_alchemy_conn option in [database] - the old setting has been used, but please update your config.
  SQL_ALCHEMY_CONN = conf.get("database", "SQL_ALCHEMY_CONN")

[2025-10-04T06:27:22.145+0000] {task_command.py:426} INFO - Running <TaskInstance: dag2.python_task manual__2025-10-04T06:26:15.660994+00:00 [running]> on host d0daf19c77b2
[2025-10-04T06:27:22.378+0000] {taskinstance.py:2648} INFO - Exporting env vars: AIRFLOW_CTX_DAG_OWNER='***' AIRFLOW_CTX_DAG_ID='dag2' AIRFLOW_CTX_TASK_ID='python_task' AIRFLOW_CTX_EXECUTION_DATE='2025-10-04T06:26:15.660994+00:00' AIRFLOW_CTX_TRY_NUMBER='1' AIRFLOW_CTX_DAG_RUN_ID='manual__2025-10-04T06:26:15.660994+00:00'
[2025-10-04T06:27:22.383+0000] {taskinstance.py:430} INFO - ::endgroup::
[2025-10-04T06:27:22.385+0000] {logging_mixin.py:188} INFO - helloo
[2025-10-04T06:27:22.386+0000] {python.py:237} INFO - Done. Returned value was: None
[2025-10-04T06:27:22.388+0000] {taskinstance.py:441} INFO - ::group::Post task execution logs
[2025-10-04T06:27:22.408+0000] {taskinstance.py:1206} INFO - Marking task as SUCCESS. dag_id=dag2, task_id=python_task, run_id=manual__2025-10-04T06:26:15.660994+00:00, execution_date=20251004T062615, start_date=20251004T062721, end_date=20251004T062722
[2025-10-04T06:27:22.457+0000] {local_task_job_runner.py:240} INFO - Task exited with return code 0
[2025-10-04T06:27:22.486+0000] {taskinstance.py:3503} INFO - 0 downstream tasks scheduled from follow-on schedule check
[2025-10-04T06:27:22.496+0000] {local_task_job_runner.py:222} INFO - ::endgroup::
