[2025-10-04T06:25:03.045+0000] {local_task_job_runner.py:120} INFO - ::group::Pre task execution logs
[2025-10-04T06:25:03.110+0000] {taskinstance.py:2076} INFO - Dependencies all met for dep_context=non-requeueable deps ti=<TaskInstance: dag2.python_task scheduled__2025-10-04T06:23:00+00:00 [queued]>
[2025-10-04T06:25:03.129+0000] {taskinstance.py:2076} INFO - Dependencies all met for dep_context=requeueable deps ti=<TaskInstance: dag2.python_task scheduled__2025-10-04T06:23:00+00:00 [queued]>
[2025-10-04T06:25:03.130+0000] {taskinstance.py:2306} INFO - Starting attempt 1 of 1
[2025-10-04T06:25:03.165+0000] {taskinstance.py:2330} INFO - Executing <Task(PythonOperator): python_task> on 2025-10-04 06:23:00+00:00
[2025-10-04T06:25:03.180+0000] {warnings.py:112} WARNING - /home/***/.local/lib/python3.12/site-packages/***/task/task_runner/standard_task_runner.py:61: DeprecationWarning: This process (pid=49) is multi-threaded, use of fork() may lead to deadlocks in the child.
  pid = os.fork()

[2025-10-04T06:25:03.183+0000] {standard_task_runner.py:63} INFO - Started process 52 to run task
[2025-10-04T06:25:03.185+0000] {standard_task_runner.py:90} INFO - Running: ['***', 'tasks', 'run', 'dag2', 'python_task', 'scheduled__2025-10-04T06:23:00+00:00', '--job-id', '461', '--raw', '--subdir', 'DAGS_FOLDER/dag1.py', '--cfg-path', '/tmp/tmp7quomsa0']
[2025-10-04T06:25:03.190+0000] {standard_task_runner.py:91} INFO - Job 461: Subtask python_task
[2025-10-04T06:25:03.225+0000] {warnings.py:112} WARNING - /home/***/.local/lib/python3.12/site-packages/***/settings.py:195: DeprecationWarning: The sql_alchemy_conn option in [core] has been moved to the sql_alchemy_conn option in [database] - the old setting has been used, but please update your config.
  SQL_ALCHEMY_CONN = conf.get("database", "SQL_ALCHEMY_CONN")

[2025-10-04T06:25:03.351+0000] {task_command.py:426} INFO - Running <TaskInstance: dag2.python_task scheduled__2025-10-04T06:23:00+00:00 [running]> on host d0daf19c77b2
[2025-10-04T06:25:03.780+0000] {taskinstance.py:2648} INFO - Exporting env vars: AIRFLOW_CTX_DAG_OWNER='***' AIRFLOW_CTX_DAG_ID='dag2' AIRFLOW_CTX_TASK_ID='python_task' AIRFLOW_CTX_EXECUTION_DATE='2025-10-04T06:23:00+00:00' AIRFLOW_CTX_TRY_NUMBER='1' AIRFLOW_CTX_DAG_RUN_ID='scheduled__2025-10-04T06:23:00+00:00'
[2025-10-04T06:25:03.786+0000] {taskinstance.py:430} INFO - ::endgroup::
[2025-10-04T06:25:03.788+0000] {logging_mixin.py:188} INFO - helloo
[2025-10-04T06:25:03.790+0000] {python.py:237} INFO - Done. Returned value was: None
[2025-10-04T06:25:03.791+0000] {taskinstance.py:441} INFO - ::group::Post task execution logs
[2025-10-04T06:25:03.814+0000] {taskinstance.py:1206} INFO - Marking task as SUCCESS. dag_id=dag2, task_id=python_task, run_id=scheduled__2025-10-04T06:23:00+00:00, execution_date=20251004T062300, start_date=20251004T062503, end_date=20251004T062503
[2025-10-04T06:25:03.882+0000] {local_task_job_runner.py:240} INFO - Task exited with return code 0
[2025-10-04T06:25:03.915+0000] {taskinstance.py:3503} INFO - 0 downstream tasks scheduled from follow-on schedule check
[2025-10-04T06:25:03.921+0000] {local_task_job_runner.py:222} INFO - ::endgroup::
