[2025-10-04T06:42:39.971+0000] {local_task_job_runner.py:120} INFO - ::group::Pre task execution logs
[2025-10-04T06:42:40.040+0000] {taskinstance.py:2076} INFO - Dependencies all met for dep_context=non-requeueable deps ti=<TaskInstance: dag1.hello scheduled__2025-10-04T06:30:00+00:00 [queued]>
[2025-10-04T06:42:40.068+0000] {taskinstance.py:2076} INFO - Dependencies all met for dep_context=requeueable deps ti=<TaskInstance: dag1.hello scheduled__2025-10-04T06:30:00+00:00 [queued]>
[2025-10-04T06:42:40.069+0000] {taskinstance.py:2306} INFO - Starting attempt 1 of 1
[2025-10-04T06:42:40.129+0000] {taskinstance.py:2330} INFO - Executing <Task(BashOperator): hello> on 2025-10-04 06:30:00+00:00
[2025-10-04T06:42:40.162+0000] {warnings.py:112} WARNING - /home/***/.local/lib/python3.12/site-packages/***/task/task_runner/standard_task_runner.py:61: DeprecationWarning: This process (pid=95) is multi-threaded, use of fork() may lead to deadlocks in the child.
  pid = os.fork()

[2025-10-04T06:42:40.161+0000] {standard_task_runner.py:90} INFO - Running: ['***', 'tasks', 'run', 'dag1', 'hello', 'scheduled__2025-10-04T06:30:00+00:00', '--job-id', '484', '--raw', '--subdir', 'DAGS_FOLDER/dag2.py', '--cfg-path', '/tmp/tmp7m_42jm0']
[2025-10-04T06:42:40.170+0000] {standard_task_runner.py:63} INFO - Started process 119 to run task
[2025-10-04T06:42:40.173+0000] {standard_task_runner.py:91} INFO - Job 484: Subtask hello
[2025-10-04T06:42:40.228+0000] {warnings.py:112} WARNING - /home/***/.local/lib/python3.12/site-packages/***/settings.py:195: DeprecationWarning: The sql_alchemy_conn option in [core] has been moved to the sql_alchemy_conn option in [database] - the old setting has been used, but please update your config.
  SQL_ALCHEMY_CONN = conf.get("database", "SQL_ALCHEMY_CONN")

[2025-10-04T06:42:40.363+0000] {task_command.py:426} INFO - Running <TaskInstance: dag1.hello scheduled__2025-10-04T06:30:00+00:00 [running]> on host d0daf19c77b2
[2025-10-04T06:42:40.655+0000] {taskinstance.py:2648} INFO - Exporting env vars: AIRFLOW_CTX_DAG_OWNER='***' AIRFLOW_CTX_DAG_ID='dag1' AIRFLOW_CTX_TASK_ID='hello' AIRFLOW_CTX_EXECUTION_DATE='2025-10-04T06:30:00+00:00' AIRFLOW_CTX_TRY_NUMBER='1' AIRFLOW_CTX_DAG_RUN_ID='scheduled__2025-10-04T06:30:00+00:00'
[2025-10-04T06:42:40.662+0000] {taskinstance.py:430} INFO - ::endgroup::
[2025-10-04T06:42:40.665+0000] {subprocess.py:63} INFO - Tmp dir root location: /tmp
[2025-10-04T06:42:40.669+0000] {subprocess.py:75} INFO - Running command: ['/usr/bin/bash', '-c', 'echo "My name is Mohamed Abdelkader"']
[2025-10-04T06:42:40.709+0000] {subprocess.py:86} INFO - Output:
[2025-10-04T06:42:40.714+0000] {subprocess.py:93} INFO - My name is Mohamed Abdelkader
[2025-10-04T06:42:40.716+0000] {subprocess.py:97} INFO - Command exited with return code 0
[2025-10-04T06:42:40.718+0000] {taskinstance.py:441} INFO - ::group::Post task execution logs
[2025-10-04T06:42:40.797+0000] {taskinstance.py:1206} INFO - Marking task as SUCCESS. dag_id=dag1, task_id=hello, run_id=scheduled__2025-10-04T06:30:00+00:00, execution_date=20251004T063000, start_date=20251004T064240, end_date=20251004T064240
[2025-10-04T06:42:40.879+0000] {local_task_job_runner.py:240} INFO - Task exited with return code 0
[2025-10-04T06:42:40.940+0000] {taskinstance.py:3503} INFO - 1 downstream tasks scheduled from follow-on schedule check
[2025-10-04T06:42:40.949+0000] {local_task_job_runner.py:222} INFO - ::endgroup::
