[2025-10-04T06:27:18.512+0000] {local_task_job_runner.py:120} INFO - ::group::Pre task execution logs
[2025-10-04T06:27:18.579+0000] {taskinstance.py:2076} INFO - Dependencies all met for dep_context=non-requeueable deps ti=<TaskInstance: dag2.python_task scheduled__2025-10-04T06:26:00+00:00 [queued]>
[2025-10-04T06:27:18.596+0000] {taskinstance.py:2076} INFO - Dependencies all met for dep_context=requeueable deps ti=<TaskInstance: dag2.python_task scheduled__2025-10-04T06:26:00+00:00 [queued]>
[2025-10-04T06:27:18.597+0000] {taskinstance.py:2306} INFO - Starting attempt 1 of 1
[2025-10-04T06:27:18.631+0000] {taskinstance.py:2330} INFO - Executing <Task(PythonOperator): python_task> on 2025-10-04 06:26:00+00:00
[2025-10-04T06:27:18.649+0000] {warnings.py:112} WARNING - /home/***/.local/lib/python3.12/site-packages/***/task/task_runner/standard_task_runner.py:61: DeprecationWarning: This process (pid=58) is multi-threaded, use of fork() may lead to deadlocks in the child.
  pid = os.fork()

[2025-10-04T06:27:18.653+0000] {standard_task_runner.py:63} INFO - Started process 64 to run task
[2025-10-04T06:27:18.652+0000] {standard_task_runner.py:90} INFO - Running: ['***', 'tasks', 'run', 'dag2', 'python_task', 'scheduled__2025-10-04T06:26:00+00:00', '--job-id', '465', '--raw', '--subdir', 'DAGS_FOLDER/dag1.py', '--cfg-path', '/tmp/tmpc691yr3_']
[2025-10-04T06:27:18.659+0000] {standard_task_runner.py:91} INFO - Job 465: Subtask python_task
[2025-10-04T06:27:18.692+0000] {warnings.py:112} WARNING - /home/***/.local/lib/python3.12/site-packages/***/settings.py:195: DeprecationWarning: The sql_alchemy_conn option in [core] has been moved to the sql_alchemy_conn option in [database] - the old setting has been used, but please update your config.
  SQL_ALCHEMY_CONN = conf.get("database", "SQL_ALCHEMY_CONN")

[2025-10-04T06:27:18.792+0000] {task_command.py:426} INFO - Running <TaskInstance: dag2.python_task scheduled__2025-10-04T06:26:00+00:00 [running]> on host d0daf19c77b2
[2025-10-04T06:27:19.071+0000] {taskinstance.py:2648} INFO - Exporting env vars: AIRFLOW_CTX_DAG_OWNER='***' AIRFLOW_CTX_DAG_ID='dag2' AIRFLOW_CTX_TASK_ID='python_task' AIRFLOW_CTX_EXECUTION_DATE='2025-10-04T06:26:00+00:00' AIRFLOW_CTX_TRY_NUMBER='1' AIRFLOW_CTX_DAG_RUN_ID='scheduled__2025-10-04T06:26:00+00:00'
[2025-10-04T06:27:19.077+0000] {taskinstance.py:430} INFO - ::endgroup::
[2025-10-04T06:27:19.079+0000] {logging_mixin.py:188} INFO - helloo
[2025-10-04T06:27:19.080+0000] {python.py:237} INFO - Done. Returned value was: None
[2025-10-04T06:27:19.082+0000] {taskinstance.py:441} INFO - ::group::Post task execution logs
[2025-10-04T06:27:19.109+0000] {taskinstance.py:1206} INFO - Marking task as SUCCESS. dag_id=dag2, task_id=python_task, run_id=scheduled__2025-10-04T06:26:00+00:00, execution_date=20251004T062600, start_date=20251004T062718, end_date=20251004T062719
[2025-10-04T06:27:19.193+0000] {local_task_job_runner.py:240} INFO - Task exited with return code 0
[2025-10-04T06:27:19.236+0000] {taskinstance.py:3503} INFO - 0 downstream tasks scheduled from follow-on schedule check
[2025-10-04T06:27:19.245+0000] {local_task_job_runner.py:222} INFO - ::endgroup::
