[2025-10-04T06:25:02.451+0000] {processor.py:161} INFO - Started process (PID=70) to work on /home/airflow/.local/lib/python3.12/site-packages/airflow/example_dags/example_branch_python_dop_operator_3.py
[2025-10-04T06:25:02.473+0000] {processor.py:830} INFO - Processing file /home/airflow/.local/lib/python3.12/site-packages/airflow/example_dags/example_branch_python_dop_operator_3.py for tasks to queue
[2025-10-04T06:25:02.478+0000] {logging_mixin.py:188} INFO - [2025-10-04T06:25:02.477+0000] {dagbag.py:545} INFO - Filling up the DagBag from /home/airflow/.local/lib/python3.12/site-packages/airflow/example_dags/example_branch_python_dop_operator_3.py
[2025-10-04T06:25:02.509+0000] {processor.py:840} INFO - DAG(s) 'example_branch_dop_operator_v3' retrieved from /home/airflow/.local/lib/python3.12/site-packages/airflow/example_dags/example_branch_python_dop_operator_3.py
[2025-10-04T06:25:02.864+0000] {logging_mixin.py:188} INFO - [2025-10-04T06:25:02.864+0000] {dag.py:3096} INFO - Sync 1 DAGs
[2025-10-04T06:25:02.951+0000] {logging_mixin.py:188} INFO - [2025-10-04T06:25:02.950+0000] {dag.py:3954} INFO - Setting next_dagrun for example_branch_dop_operator_v3 to 2025-10-04 06:24:00+00:00, run_after=2025-10-04 06:25:00+00:00
[2025-10-04T06:25:03.028+0000] {processor.py:183} INFO - Processing /home/airflow/.local/lib/python3.12/site-packages/airflow/example_dags/example_branch_python_dop_operator_3.py took 0.600 seconds
[2025-10-04T06:25:40.243+0000] {processor.py:161} INFO - Started process (PID=124) to work on /home/airflow/.local/lib/python3.12/site-packages/airflow/example_dags/example_branch_python_dop_operator_3.py
[2025-10-04T06:25:40.254+0000] {processor.py:830} INFO - Processing file /home/airflow/.local/lib/python3.12/site-packages/airflow/example_dags/example_branch_python_dop_operator_3.py for tasks to queue
[2025-10-04T06:25:40.279+0000] {logging_mixin.py:188} INFO - [2025-10-04T06:25:40.278+0000] {dagbag.py:545} INFO - Filling up the DagBag from /home/airflow/.local/lib/python3.12/site-packages/airflow/example_dags/example_branch_python_dop_operator_3.py
[2025-10-04T06:25:40.353+0000] {processor.py:840} INFO - DAG(s) 'example_branch_dop_operator_v3' retrieved from /home/airflow/.local/lib/python3.12/site-packages/airflow/example_dags/example_branch_python_dop_operator_3.py
[2025-10-04T06:25:40.488+0000] {logging_mixin.py:188} INFO - [2025-10-04T06:25:40.484+0000] {dag.py:3096} INFO - Sync 1 DAGs
[2025-10-04T06:25:40.657+0000] {logging_mixin.py:188} INFO - [2025-10-04T06:25:40.653+0000] {dag.py:3954} INFO - Setting next_dagrun for example_branch_dop_operator_v3 to 2025-10-04 06:24:00+00:00, run_after=2025-10-04 06:25:00+00:00
[2025-10-04T06:25:40.782+0000] {processor.py:183} INFO - Processing /home/airflow/.local/lib/python3.12/site-packages/airflow/example_dags/example_branch_python_dop_operator_3.py took 0.621 seconds
[2025-10-04T06:26:23.413+0000] {processor.py:161} INFO - Started process (PID=178) to work on /home/airflow/.local/lib/python3.12/site-packages/airflow/example_dags/example_branch_python_dop_operator_3.py
[2025-10-04T06:26:23.418+0000] {processor.py:830} INFO - Processing file /home/airflow/.local/lib/python3.12/site-packages/airflow/example_dags/example_branch_python_dop_operator_3.py for tasks to queue
[2025-10-04T06:26:23.424+0000] {logging_mixin.py:188} INFO - [2025-10-04T06:26:23.423+0000] {dagbag.py:545} INFO - Filling up the DagBag from /home/airflow/.local/lib/python3.12/site-packages/airflow/example_dags/example_branch_python_dop_operator_3.py
[2025-10-04T06:26:23.455+0000] {processor.py:840} INFO - DAG(s) 'example_branch_dop_operator_v3' retrieved from /home/airflow/.local/lib/python3.12/site-packages/airflow/example_dags/example_branch_python_dop_operator_3.py
[2025-10-04T06:26:23.587+0000] {logging_mixin.py:188} INFO - [2025-10-04T06:26:23.587+0000] {dag.py:3096} INFO - Sync 1 DAGs
[2025-10-04T06:26:23.703+0000] {logging_mixin.py:188} INFO - [2025-10-04T06:26:23.702+0000] {dag.py:3954} INFO - Setting next_dagrun for example_branch_dop_operator_v3 to 2025-10-04 06:25:00+00:00, run_after=2025-10-04 06:26:00+00:00
[2025-10-04T06:26:23.786+0000] {processor.py:183} INFO - Processing /home/airflow/.local/lib/python3.12/site-packages/airflow/example_dags/example_branch_python_dop_operator_3.py took 0.396 seconds
