[2025-10-04T06:24:48.525+0000] {processor.py:161} INFO - Started process (PID=41) to work on /home/airflow/.local/lib/python3.12/site-packages/airflow/example_dags/example_trigger_controller_dag.py
[2025-10-04T06:24:48.528+0000] {processor.py:830} INFO - Processing file /home/airflow/.local/lib/python3.12/site-packages/airflow/example_dags/example_trigger_controller_dag.py for tasks to queue
[2025-10-04T06:24:48.534+0000] {logging_mixin.py:188} INFO - [2025-10-04T06:24:48.533+0000] {dagbag.py:545} INFO - Filling up the DagBag from /home/airflow/.local/lib/python3.12/site-packages/airflow/example_dags/example_trigger_controller_dag.py
[2025-10-04T06:24:48.584+0000] {processor.py:840} INFO - DAG(s) 'example_trigger_controller_dag' retrieved from /home/airflow/.local/lib/python3.12/site-packages/airflow/example_dags/example_trigger_controller_dag.py
[2025-10-04T06:24:49.222+0000] {logging_mixin.py:188} INFO - [2025-10-04T06:24:49.222+0000] {dag.py:3096} INFO - Sync 1 DAGs
[2025-10-04T06:24:49.380+0000] {logging_mixin.py:188} INFO - [2025-10-04T06:24:49.378+0000] {dag.py:3954} INFO - Setting next_dagrun for example_trigger_controller_dag to 2021-01-01 00:00:00+00:00, run_after=2021-01-01 00:00:00+00:00
[2025-10-04T06:24:49.541+0000] {processor.py:183} INFO - Processing /home/airflow/.local/lib/python3.12/site-packages/airflow/example_dags/example_trigger_controller_dag.py took 1.032 seconds
[2025-10-04T06:25:20.081+0000] {processor.py:161} INFO - Started process (PID=95) to work on /home/airflow/.local/lib/python3.12/site-packages/airflow/example_dags/example_trigger_controller_dag.py
[2025-10-04T06:25:20.083+0000] {processor.py:830} INFO - Processing file /home/airflow/.local/lib/python3.12/site-packages/airflow/example_dags/example_trigger_controller_dag.py for tasks to queue
[2025-10-04T06:25:20.086+0000] {logging_mixin.py:188} INFO - [2025-10-04T06:25:20.086+0000] {dagbag.py:545} INFO - Filling up the DagBag from /home/airflow/.local/lib/python3.12/site-packages/airflow/example_dags/example_trigger_controller_dag.py
[2025-10-04T06:25:20.096+0000] {processor.py:840} INFO - DAG(s) 'example_trigger_controller_dag' retrieved from /home/airflow/.local/lib/python3.12/site-packages/airflow/example_dags/example_trigger_controller_dag.py
[2025-10-04T06:25:20.133+0000] {logging_mixin.py:188} INFO - [2025-10-04T06:25:20.133+0000] {dag.py:3096} INFO - Sync 1 DAGs
[2025-10-04T06:25:20.180+0000] {logging_mixin.py:188} INFO - [2025-10-04T06:25:20.179+0000] {dag.py:3954} INFO - Setting next_dagrun for example_trigger_controller_dag to 2021-01-01 00:00:00+00:00, run_after=2021-01-01 00:00:00+00:00
[2025-10-04T06:25:20.228+0000] {processor.py:183} INFO - Processing /home/airflow/.local/lib/python3.12/site-packages/airflow/example_dags/example_trigger_controller_dag.py took 0.156 seconds
[2025-10-04T06:25:56.478+0000] {processor.py:161} INFO - Started process (PID=149) to work on /home/airflow/.local/lib/python3.12/site-packages/airflow/example_dags/example_trigger_controller_dag.py
[2025-10-04T06:25:56.485+0000] {processor.py:830} INFO - Processing file /home/airflow/.local/lib/python3.12/site-packages/airflow/example_dags/example_trigger_controller_dag.py for tasks to queue
[2025-10-04T06:25:56.503+0000] {logging_mixin.py:188} INFO - [2025-10-04T06:25:56.501+0000] {dagbag.py:545} INFO - Filling up the DagBag from /home/airflow/.local/lib/python3.12/site-packages/airflow/example_dags/example_trigger_controller_dag.py
[2025-10-04T06:25:56.533+0000] {processor.py:840} INFO - DAG(s) 'example_trigger_controller_dag' retrieved from /home/airflow/.local/lib/python3.12/site-packages/airflow/example_dags/example_trigger_controller_dag.py
[2025-10-04T06:25:56.640+0000] {logging_mixin.py:188} INFO - [2025-10-04T06:25:56.639+0000] {dag.py:3096} INFO - Sync 1 DAGs
[2025-10-04T06:25:56.753+0000] {logging_mixin.py:188} INFO - [2025-10-04T06:25:56.753+0000] {dag.py:3954} INFO - Setting next_dagrun for example_trigger_controller_dag to 2021-01-01 00:00:00+00:00, run_after=2021-01-01 00:00:00+00:00
[2025-10-04T06:25:56.869+0000] {processor.py:183} INFO - Processing /home/airflow/.local/lib/python3.12/site-packages/airflow/example_dags/example_trigger_controller_dag.py took 0.410 seconds
