[2025-10-04T06:24:46.116+0000] {processor.py:161} INFO - Started process (PID=39) to work on /home/airflow/.local/lib/python3.12/site-packages/airflow/example_dags/example_python_operator.py
[2025-10-04T06:24:46.136+0000] {processor.py:830} INFO - Processing file /home/airflow/.local/lib/python3.12/site-packages/airflow/example_dags/example_python_operator.py for tasks to queue
[2025-10-04T06:24:46.165+0000] {logging_mixin.py:188} INFO - [2025-10-04T06:24:46.155+0000] {dagbag.py:545} INFO - Filling up the DagBag from /home/airflow/.local/lib/python3.12/site-packages/airflow/example_dags/example_python_operator.py
[2025-10-04T06:24:46.535+0000] {processor.py:840} INFO - DAG(s) 'example_python_operator' retrieved from /home/airflow/.local/lib/python3.12/site-packages/airflow/example_dags/example_python_operator.py
[2025-10-04T06:24:48.239+0000] {logging_mixin.py:188} INFO - [2025-10-04T06:24:48.238+0000] {dag.py:3096} INFO - Sync 1 DAGs
[2025-10-04T06:24:48.331+0000] {logging_mixin.py:188} INFO - [2025-10-04T06:24:48.330+0000] {dag.py:3954} INFO - Setting next_dagrun for example_python_operator to None, run_after=None
[2025-10-04T06:24:48.401+0000] {processor.py:183} INFO - Processing /home/airflow/.local/lib/python3.12/site-packages/airflow/example_dags/example_python_operator.py took 2.320 seconds
[2025-10-04T06:25:18.812+0000] {processor.py:161} INFO - Started process (PID=93) to work on /home/airflow/.local/lib/python3.12/site-packages/airflow/example_dags/example_python_operator.py
[2025-10-04T06:25:18.814+0000] {processor.py:830} INFO - Processing file /home/airflow/.local/lib/python3.12/site-packages/airflow/example_dags/example_python_operator.py for tasks to queue
[2025-10-04T06:25:18.819+0000] {logging_mixin.py:188} INFO - [2025-10-04T06:25:18.818+0000] {dagbag.py:545} INFO - Filling up the DagBag from /home/airflow/.local/lib/python3.12/site-packages/airflow/example_dags/example_python_operator.py
[2025-10-04T06:25:18.842+0000] {processor.py:840} INFO - DAG(s) 'example_python_operator' retrieved from /home/airflow/.local/lib/python3.12/site-packages/airflow/example_dags/example_python_operator.py
[2025-10-04T06:25:18.885+0000] {logging_mixin.py:188} INFO - [2025-10-04T06:25:18.885+0000] {dag.py:3096} INFO - Sync 1 DAGs
[2025-10-04T06:25:18.908+0000] {logging_mixin.py:188} INFO - [2025-10-04T06:25:18.908+0000] {dag.py:3954} INFO - Setting next_dagrun for example_python_operator to None, run_after=None
[2025-10-04T06:25:18.971+0000] {processor.py:183} INFO - Processing /home/airflow/.local/lib/python3.12/site-packages/airflow/example_dags/example_python_operator.py took 0.173 seconds
[2025-10-04T06:25:55.458+0000] {processor.py:161} INFO - Started process (PID=147) to work on /home/airflow/.local/lib/python3.12/site-packages/airflow/example_dags/example_python_operator.py
[2025-10-04T06:25:55.461+0000] {processor.py:830} INFO - Processing file /home/airflow/.local/lib/python3.12/site-packages/airflow/example_dags/example_python_operator.py for tasks to queue
[2025-10-04T06:25:55.465+0000] {logging_mixin.py:188} INFO - [2025-10-04T06:25:55.464+0000] {dagbag.py:545} INFO - Filling up the DagBag from /home/airflow/.local/lib/python3.12/site-packages/airflow/example_dags/example_python_operator.py
[2025-10-04T06:25:55.504+0000] {processor.py:840} INFO - DAG(s) 'example_python_operator' retrieved from /home/airflow/.local/lib/python3.12/site-packages/airflow/example_dags/example_python_operator.py
[2025-10-04T06:25:55.641+0000] {logging_mixin.py:188} INFO - [2025-10-04T06:25:55.640+0000] {dag.py:3096} INFO - Sync 1 DAGs
[2025-10-04T06:25:55.686+0000] {logging_mixin.py:188} INFO - [2025-10-04T06:25:55.685+0000] {dag.py:3954} INFO - Setting next_dagrun for example_python_operator to None, run_after=None
[2025-10-04T06:25:55.748+0000] {processor.py:183} INFO - Processing /home/airflow/.local/lib/python3.12/site-packages/airflow/example_dags/example_python_operator.py took 0.304 seconds
