[2025-10-04T06:25:02.843+0000] {processor.py:161} INFO - Started process (PID=71) to work on /home/airflow/.local/lib/python3.12/site-packages/airflow/example_dags/example_python_decorator.py
[2025-10-04T06:25:02.850+0000] {processor.py:830} INFO - Processing file /home/airflow/.local/lib/python3.12/site-packages/airflow/example_dags/example_python_decorator.py for tasks to queue
[2025-10-04T06:25:02.865+0000] {logging_mixin.py:188} INFO - [2025-10-04T06:25:02.863+0000] {dagbag.py:545} INFO - Filling up the DagBag from /home/airflow/.local/lib/python3.12/site-packages/airflow/example_dags/example_python_decorator.py
[2025-10-04T06:25:02.926+0000] {processor.py:840} INFO - DAG(s) 'example_python_decorator' retrieved from /home/airflow/.local/lib/python3.12/site-packages/airflow/example_dags/example_python_decorator.py
[2025-10-04T06:25:03.274+0000] {logging_mixin.py:188} INFO - [2025-10-04T06:25:03.274+0000] {dag.py:3096} INFO - Sync 1 DAGs
[2025-10-04T06:25:03.310+0000] {logging_mixin.py:188} INFO - [2025-10-04T06:25:03.310+0000] {dag.py:3954} INFO - Setting next_dagrun for example_python_decorator to None, run_after=None
[2025-10-04T06:25:03.363+0000] {processor.py:183} INFO - Processing /home/airflow/.local/lib/python3.12/site-packages/airflow/example_dags/example_python_decorator.py took 0.537 seconds
[2025-10-04T06:25:40.561+0000] {processor.py:161} INFO - Started process (PID=125) to work on /home/airflow/.local/lib/python3.12/site-packages/airflow/example_dags/example_python_decorator.py
[2025-10-04T06:25:40.564+0000] {processor.py:830} INFO - Processing file /home/airflow/.local/lib/python3.12/site-packages/airflow/example_dags/example_python_decorator.py for tasks to queue
[2025-10-04T06:25:40.590+0000] {logging_mixin.py:188} INFO - [2025-10-04T06:25:40.578+0000] {dagbag.py:545} INFO - Filling up the DagBag from /home/airflow/.local/lib/python3.12/site-packages/airflow/example_dags/example_python_decorator.py
[2025-10-04T06:25:40.733+0000] {processor.py:840} INFO - DAG(s) 'example_python_decorator' retrieved from /home/airflow/.local/lib/python3.12/site-packages/airflow/example_dags/example_python_decorator.py
[2025-10-04T06:25:40.899+0000] {logging_mixin.py:188} INFO - [2025-10-04T06:25:40.898+0000] {dag.py:3096} INFO - Sync 1 DAGs
[2025-10-04T06:25:41.018+0000] {logging_mixin.py:188} INFO - [2025-10-04T06:25:41.017+0000] {dag.py:3954} INFO - Setting next_dagrun for example_python_decorator to None, run_after=None
[2025-10-04T06:25:41.267+0000] {processor.py:183} INFO - Processing /home/airflow/.local/lib/python3.12/site-packages/airflow/example_dags/example_python_decorator.py took 0.733 seconds
[2025-10-04T06:26:23.826+0000] {processor.py:161} INFO - Started process (PID=179) to work on /home/airflow/.local/lib/python3.12/site-packages/airflow/example_dags/example_python_decorator.py
[2025-10-04T06:26:23.833+0000] {processor.py:830} INFO - Processing file /home/airflow/.local/lib/python3.12/site-packages/airflow/example_dags/example_python_decorator.py for tasks to queue
[2025-10-04T06:26:23.843+0000] {logging_mixin.py:188} INFO - [2025-10-04T06:26:23.841+0000] {dagbag.py:545} INFO - Filling up the DagBag from /home/airflow/.local/lib/python3.12/site-packages/airflow/example_dags/example_python_decorator.py
[2025-10-04T06:26:23.915+0000] {processor.py:840} INFO - DAG(s) 'example_python_decorator' retrieved from /home/airflow/.local/lib/python3.12/site-packages/airflow/example_dags/example_python_decorator.py
[2025-10-04T06:26:24.013+0000] {logging_mixin.py:188} INFO - [2025-10-04T06:26:24.012+0000] {dag.py:3096} INFO - Sync 1 DAGs
[2025-10-04T06:26:24.071+0000] {logging_mixin.py:188} INFO - [2025-10-04T06:26:24.070+0000] {dag.py:3954} INFO - Setting next_dagrun for example_python_decorator to None, run_after=None
[2025-10-04T06:26:24.146+0000] {processor.py:183} INFO - Processing /home/airflow/.local/lib/python3.12/site-packages/airflow/example_dags/example_python_decorator.py took 0.354 seconds
