[2025-10-04T06:24:53.998+0000] {processor.py:161} INFO - Started process (PID=49) to work on /home/airflow/.local/lib/python3.12/site-packages/airflow/example_dags/example_task_group.py
[2025-10-04T06:24:54.001+0000] {processor.py:830} INFO - Processing file /home/airflow/.local/lib/python3.12/site-packages/airflow/example_dags/example_task_group.py for tasks to queue
[2025-10-04T06:24:54.006+0000] {logging_mixin.py:188} INFO - [2025-10-04T06:24:54.005+0000] {dagbag.py:545} INFO - Filling up the DagBag from /home/airflow/.local/lib/python3.12/site-packages/airflow/example_dags/example_task_group.py
[2025-10-04T06:24:54.031+0000] {processor.py:840} INFO - DAG(s) 'example_task_group' retrieved from /home/airflow/.local/lib/python3.12/site-packages/airflow/example_dags/example_task_group.py
[2025-10-04T06:24:54.351+0000] {logging_mixin.py:188} INFO - [2025-10-04T06:24:54.351+0000] {dag.py:3096} INFO - Sync 1 DAGs
[2025-10-04T06:24:54.401+0000] {logging_mixin.py:188} INFO - [2025-10-04T06:24:54.401+0000] {dag.py:3954} INFO - Setting next_dagrun for example_task_group to 2025-10-03 00:00:00+00:00, run_after=2025-10-04 00:00:00+00:00
[2025-10-04T06:24:54.452+0000] {processor.py:183} INFO - Processing /home/airflow/.local/lib/python3.12/site-packages/airflow/example_dags/example_task_group.py took 0.466 seconds
[2025-10-04T06:25:25.136+0000] {processor.py:161} INFO - Started process (PID=103) to work on /home/airflow/.local/lib/python3.12/site-packages/airflow/example_dags/example_task_group.py
[2025-10-04T06:25:25.138+0000] {processor.py:830} INFO - Processing file /home/airflow/.local/lib/python3.12/site-packages/airflow/example_dags/example_task_group.py for tasks to queue
[2025-10-04T06:25:25.141+0000] {logging_mixin.py:188} INFO - [2025-10-04T06:25:25.140+0000] {dagbag.py:545} INFO - Filling up the DagBag from /home/airflow/.local/lib/python3.12/site-packages/airflow/example_dags/example_task_group.py
[2025-10-04T06:25:25.160+0000] {processor.py:840} INFO - DAG(s) 'example_task_group' retrieved from /home/airflow/.local/lib/python3.12/site-packages/airflow/example_dags/example_task_group.py
[2025-10-04T06:25:25.226+0000] {logging_mixin.py:188} INFO - [2025-10-04T06:25:25.225+0000] {dag.py:3096} INFO - Sync 1 DAGs
[2025-10-04T06:25:25.290+0000] {logging_mixin.py:188} INFO - [2025-10-04T06:25:25.290+0000] {dag.py:3954} INFO - Setting next_dagrun for example_task_group to 2025-10-03 00:00:00+00:00, run_after=2025-10-04 00:00:00+00:00
[2025-10-04T06:25:25.337+0000] {processor.py:183} INFO - Processing /home/airflow/.local/lib/python3.12/site-packages/airflow/example_dags/example_task_group.py took 0.208 seconds
[2025-10-04T06:25:58.690+0000] {processor.py:161} INFO - Started process (PID=157) to work on /home/airflow/.local/lib/python3.12/site-packages/airflow/example_dags/example_task_group.py
[2025-10-04T06:25:58.696+0000] {processor.py:830} INFO - Processing file /home/airflow/.local/lib/python3.12/site-packages/airflow/example_dags/example_task_group.py for tasks to queue
[2025-10-04T06:25:58.702+0000] {logging_mixin.py:188} INFO - [2025-10-04T06:25:58.701+0000] {dagbag.py:545} INFO - Filling up the DagBag from /home/airflow/.local/lib/python3.12/site-packages/airflow/example_dags/example_task_group.py
[2025-10-04T06:25:58.733+0000] {processor.py:840} INFO - DAG(s) 'example_task_group' retrieved from /home/airflow/.local/lib/python3.12/site-packages/airflow/example_dags/example_task_group.py
[2025-10-04T06:25:58.817+0000] {logging_mixin.py:188} INFO - [2025-10-04T06:25:58.817+0000] {dag.py:3096} INFO - Sync 1 DAGs
[2025-10-04T06:25:58.897+0000] {logging_mixin.py:188} INFO - [2025-10-04T06:25:58.897+0000] {dag.py:3954} INFO - Setting next_dagrun for example_task_group to 2025-10-03 00:00:00+00:00, run_after=2025-10-04 00:00:00+00:00
[2025-10-04T06:25:58.959+0000] {processor.py:183} INFO - Processing /home/airflow/.local/lib/python3.12/site-packages/airflow/example_dags/example_task_group.py took 0.295 seconds
