[2025-10-04T06:24:42.368+0000] {processor.py:161} INFO - Started process (PID=35) to work on /home/airflow/.local/lib/python3.12/site-packages/airflow/example_dags/example_nested_branch_dag.py
[2025-10-04T06:24:42.377+0000] {processor.py:830} INFO - Processing file /home/airflow/.local/lib/python3.12/site-packages/airflow/example_dags/example_nested_branch_dag.py for tasks to queue
[2025-10-04T06:24:42.401+0000] {logging_mixin.py:188} INFO - [2025-10-04T06:24:42.399+0000] {dagbag.py:545} INFO - Filling up the DagBag from /home/airflow/.local/lib/python3.12/site-packages/airflow/example_dags/example_nested_branch_dag.py
[2025-10-04T06:24:42.594+0000] {processor.py:840} INFO - DAG(s) 'example_nested_branch_dag' retrieved from /home/airflow/.local/lib/python3.12/site-packages/airflow/example_dags/example_nested_branch_dag.py
[2025-10-04T06:24:43.505+0000] {logging_mixin.py:188} INFO - [2025-10-04T06:24:43.504+0000] {dag.py:3096} INFO - Sync 1 DAGs
[2025-10-04T06:24:43.716+0000] {logging_mixin.py:188} INFO - [2025-10-04T06:24:43.715+0000] {dag.py:3954} INFO - Setting next_dagrun for example_nested_branch_dag to 2025-10-03 00:00:00+00:00, run_after=2025-10-04 00:00:00+00:00
[2025-10-04T06:24:43.876+0000] {processor.py:183} INFO - Processing /home/airflow/.local/lib/python3.12/site-packages/airflow/example_dags/example_nested_branch_dag.py took 1.589 seconds
[2025-10-04T06:25:14.391+0000] {processor.py:161} INFO - Started process (PID=89) to work on /home/airflow/.local/lib/python3.12/site-packages/airflow/example_dags/example_nested_branch_dag.py
[2025-10-04T06:25:14.393+0000] {processor.py:830} INFO - Processing file /home/airflow/.local/lib/python3.12/site-packages/airflow/example_dags/example_nested_branch_dag.py for tasks to queue
[2025-10-04T06:25:14.396+0000] {logging_mixin.py:188} INFO - [2025-10-04T06:25:14.396+0000] {dagbag.py:545} INFO - Filling up the DagBag from /home/airflow/.local/lib/python3.12/site-packages/airflow/example_dags/example_nested_branch_dag.py
[2025-10-04T06:25:14.418+0000] {processor.py:840} INFO - DAG(s) 'example_nested_branch_dag' retrieved from /home/airflow/.local/lib/python3.12/site-packages/airflow/example_dags/example_nested_branch_dag.py
[2025-10-04T06:25:14.458+0000] {logging_mixin.py:188} INFO - [2025-10-04T06:25:14.458+0000] {dag.py:3096} INFO - Sync 1 DAGs
[2025-10-04T06:25:14.502+0000] {logging_mixin.py:188} INFO - [2025-10-04T06:25:14.501+0000] {dag.py:3954} INFO - Setting next_dagrun for example_nested_branch_dag to 2025-10-03 00:00:00+00:00, run_after=2025-10-04 00:00:00+00:00
[2025-10-04T06:25:14.540+0000] {processor.py:183} INFO - Processing /home/airflow/.local/lib/python3.12/site-packages/airflow/example_dags/example_nested_branch_dag.py took 0.159 seconds
[2025-10-04T06:25:49.625+0000] {processor.py:161} INFO - Started process (PID=143) to work on /home/airflow/.local/lib/python3.12/site-packages/airflow/example_dags/example_nested_branch_dag.py
[2025-10-04T06:25:49.629+0000] {processor.py:830} INFO - Processing file /home/airflow/.local/lib/python3.12/site-packages/airflow/example_dags/example_nested_branch_dag.py for tasks to queue
[2025-10-04T06:25:49.638+0000] {logging_mixin.py:188} INFO - [2025-10-04T06:25:49.637+0000] {dagbag.py:545} INFO - Filling up the DagBag from /home/airflow/.local/lib/python3.12/site-packages/airflow/example_dags/example_nested_branch_dag.py
[2025-10-04T06:25:49.701+0000] {processor.py:840} INFO - DAG(s) 'example_nested_branch_dag' retrieved from /home/airflow/.local/lib/python3.12/site-packages/airflow/example_dags/example_nested_branch_dag.py
[2025-10-04T06:25:49.799+0000] {logging_mixin.py:188} INFO - [2025-10-04T06:25:49.799+0000] {dag.py:3096} INFO - Sync 1 DAGs
[2025-10-04T06:25:49.888+0000] {logging_mixin.py:188} INFO - [2025-10-04T06:25:49.888+0000] {dag.py:3954} INFO - Setting next_dagrun for example_nested_branch_dag to 2025-10-03 00:00:00+00:00, run_after=2025-10-04 00:00:00+00:00
[2025-10-04T06:25:50.015+0000] {processor.py:183} INFO - Processing /home/airflow/.local/lib/python3.12/site-packages/airflow/example_dags/example_nested_branch_dag.py took 0.421 seconds
[2025-10-04T06:27:07.460+0000] {processor.py:161} INFO - Started process (PID=39) to work on /home/airflow/.local/lib/python3.12/site-packages/airflow/example_dags/example_nested_branch_dag.py
[2025-10-04T06:27:07.463+0000] {processor.py:830} INFO - Processing file /home/airflow/.local/lib/python3.12/site-packages/airflow/example_dags/example_nested_branch_dag.py for tasks to queue
[2025-10-04T06:27:07.469+0000] {logging_mixin.py:188} INFO - [2025-10-04T06:27:07.469+0000] {dagbag.py:545} INFO - Filling up the DagBag from /home/airflow/.local/lib/python3.12/site-packages/airflow/example_dags/example_nested_branch_dag.py
[2025-10-04T06:27:07.502+0000] {processor.py:840} INFO - DAG(s) 'example_nested_branch_dag' retrieved from /home/airflow/.local/lib/python3.12/site-packages/airflow/example_dags/example_nested_branch_dag.py
[2025-10-04T06:27:07.588+0000] {logging_mixin.py:188} INFO - [2025-10-04T06:27:07.587+0000] {dag.py:3096} INFO - Sync 1 DAGs
[2025-10-04T06:27:07.684+0000] {logging_mixin.py:188} INFO - [2025-10-04T06:27:07.683+0000] {dag.py:3954} INFO - Setting next_dagrun for example_nested_branch_dag to 2025-10-03 00:00:00+00:00, run_after=2025-10-04 00:00:00+00:00
[2025-10-04T06:27:07.788+0000] {processor.py:183} INFO - Processing /home/airflow/.local/lib/python3.12/site-packages/airflow/example_dags/example_nested_branch_dag.py took 0.342 seconds
[2025-10-04T06:28:06.938+0000] {processor.py:161} INFO - Started process (PID=35) to work on /home/airflow/.local/lib/python3.12/site-packages/airflow/example_dags/example_nested_branch_dag.py
[2025-10-04T06:28:06.958+0000] {processor.py:830} INFO - Processing file /home/airflow/.local/lib/python3.12/site-packages/airflow/example_dags/example_nested_branch_dag.py for tasks to queue
[2025-10-04T06:28:06.975+0000] {logging_mixin.py:188} INFO - [2025-10-04T06:28:06.974+0000] {dagbag.py:545} INFO - Filling up the DagBag from /home/airflow/.local/lib/python3.12/site-packages/airflow/example_dags/example_nested_branch_dag.py
[2025-10-04T06:28:07.135+0000] {processor.py:840} INFO - DAG(s) 'example_nested_branch_dag' retrieved from /home/airflow/.local/lib/python3.12/site-packages/airflow/example_dags/example_nested_branch_dag.py
[2025-10-04T06:28:21.448+0000] {logging_mixin.py:188} INFO - [2025-10-04T06:28:21.420+0000] {process_utils.py:263} INFO - Waiting up to 5 seconds for processes to exit...
[2025-10-04T06:29:05.439+0000] {processor.py:161} INFO - Started process (PID=35) to work on /home/airflow/.local/lib/python3.12/site-packages/airflow/example_dags/example_nested_branch_dag.py
[2025-10-04T06:29:05.442+0000] {processor.py:830} INFO - Processing file /home/airflow/.local/lib/python3.12/site-packages/airflow/example_dags/example_nested_branch_dag.py for tasks to queue
[2025-10-04T06:29:05.447+0000] {logging_mixin.py:188} INFO - [2025-10-04T06:29:05.446+0000] {dagbag.py:545} INFO - Filling up the DagBag from /home/airflow/.local/lib/python3.12/site-packages/airflow/example_dags/example_nested_branch_dag.py
[2025-10-04T06:29:05.497+0000] {processor.py:840} INFO - DAG(s) 'example_nested_branch_dag' retrieved from /home/airflow/.local/lib/python3.12/site-packages/airflow/example_dags/example_nested_branch_dag.py
[2025-10-04T06:29:05.692+0000] {logging_mixin.py:188} INFO - [2025-10-04T06:29:05.682+0000] {dag.py:3096} INFO - Sync 1 DAGs
[2025-10-04T06:29:05.788+0000] {logging_mixin.py:188} INFO - [2025-10-04T06:29:05.788+0000] {dag.py:3954} INFO - Setting next_dagrun for example_nested_branch_dag to 2025-10-03 00:00:00+00:00, run_after=2025-10-04 00:00:00+00:00
[2025-10-04T06:29:06.100+0000] {processor.py:183} INFO - Processing /home/airflow/.local/lib/python3.12/site-packages/airflow/example_dags/example_nested_branch_dag.py took 0.688 seconds
[2025-10-04T06:30:01.809+0000] {logging_mixin.py:188} INFO - [2025-10-04T06:30:01.804+0000] {process_utils.py:263} INFO - Waiting up to 5 seconds for processes to exit...
[2025-10-04T06:30:53.360+0000] {processor.py:161} INFO - Started process (PID=35) to work on /home/airflow/.local/lib/python3.12/site-packages/airflow/example_dags/example_nested_branch_dag.py
[2025-10-04T06:30:53.364+0000] {processor.py:830} INFO - Processing file /home/airflow/.local/lib/python3.12/site-packages/airflow/example_dags/example_nested_branch_dag.py for tasks to queue
[2025-10-04T06:30:53.373+0000] {logging_mixin.py:188} INFO - [2025-10-04T06:30:53.369+0000] {dagbag.py:545} INFO - Filling up the DagBag from /home/airflow/.local/lib/python3.12/site-packages/airflow/example_dags/example_nested_branch_dag.py
[2025-10-04T06:30:53.466+0000] {processor.py:840} INFO - DAG(s) 'example_nested_branch_dag' retrieved from /home/airflow/.local/lib/python3.12/site-packages/airflow/example_dags/example_nested_branch_dag.py
[2025-10-04T06:31:05.840+0000] {logging_mixin.py:188} INFO - [2025-10-04T06:31:05.827+0000] {process_utils.py:263} INFO - Waiting up to 5 seconds for processes to exit...
[2025-10-04T06:38:20.886+0000] {logging_mixin.py:188} INFO - [2025-10-04T06:38:20.885+0000] {process_utils.py:263} INFO - Waiting up to 5 seconds for processes to exit...
[2025-10-04T06:39:20.516+0000] {processor.py:161} INFO - Started process (PID=44) to work on /home/airflow/.local/lib/python3.12/site-packages/airflow/example_dags/example_nested_branch_dag.py
[2025-10-04T06:39:20.531+0000] {processor.py:830} INFO - Processing file /home/airflow/.local/lib/python3.12/site-packages/airflow/example_dags/example_nested_branch_dag.py for tasks to queue
[2025-10-04T06:39:20.540+0000] {logging_mixin.py:188} INFO - [2025-10-04T06:39:20.538+0000] {dagbag.py:545} INFO - Filling up the DagBag from /home/airflow/.local/lib/python3.12/site-packages/airflow/example_dags/example_nested_branch_dag.py
[2025-10-04T06:39:20.631+0000] {processor.py:840} INFO - DAG(s) 'example_nested_branch_dag' retrieved from /home/airflow/.local/lib/python3.12/site-packages/airflow/example_dags/example_nested_branch_dag.py
[2025-10-04T06:39:20.948+0000] {logging_mixin.py:188} INFO - [2025-10-04T06:39:20.947+0000] {dag.py:3096} INFO - Sync 1 DAGs
[2025-10-04T06:39:21.114+0000] {logging_mixin.py:188} INFO - [2025-10-04T06:39:21.114+0000] {dag.py:3954} INFO - Setting next_dagrun for example_nested_branch_dag to 2025-10-03 00:00:00+00:00, run_after=2025-10-04 00:00:00+00:00
[2025-10-04T06:39:21.240+0000] {processor.py:183} INFO - Processing /home/airflow/.local/lib/python3.12/site-packages/airflow/example_dags/example_nested_branch_dag.py took 0.752 seconds
[2025-10-04T06:41:33.839+0000] {processor.py:161} INFO - Started process (PID=44) to work on /home/airflow/.local/lib/python3.12/site-packages/airflow/example_dags/example_nested_branch_dag.py
[2025-10-04T06:41:33.843+0000] {processor.py:830} INFO - Processing file /home/airflow/.local/lib/python3.12/site-packages/airflow/example_dags/example_nested_branch_dag.py for tasks to queue
[2025-10-04T06:41:33.851+0000] {logging_mixin.py:188} INFO - [2025-10-04T06:41:33.849+0000] {dagbag.py:545} INFO - Filling up the DagBag from /home/airflow/.local/lib/python3.12/site-packages/airflow/example_dags/example_nested_branch_dag.py
[2025-10-04T06:41:33.919+0000] {processor.py:840} INFO - DAG(s) 'example_nested_branch_dag' retrieved from /home/airflow/.local/lib/python3.12/site-packages/airflow/example_dags/example_nested_branch_dag.py
[2025-10-04T06:41:34.045+0000] {logging_mixin.py:188} INFO - [2025-10-04T06:41:34.044+0000] {dag.py:3096} INFO - Sync 1 DAGs
[2025-10-04T06:41:34.135+0000] {logging_mixin.py:188} INFO - [2025-10-04T06:41:34.135+0000] {dag.py:3954} INFO - Setting next_dagrun for example_nested_branch_dag to 2025-10-03 00:00:00+00:00, run_after=2025-10-04 00:00:00+00:00
[2025-10-04T06:41:34.240+0000] {processor.py:183} INFO - Processing /home/airflow/.local/lib/python3.12/site-packages/airflow/example_dags/example_nested_branch_dag.py took 0.424 seconds
