[2025-10-04T06:24:57.653+0000] {processor.py:161} INFO - Started process (PID=57) to work on /home/airflow/.local/lib/python3.12/site-packages/airflow/example_dags/example_datasets.py
[2025-10-04T06:24:57.656+0000] {processor.py:830} INFO - Processing file /home/airflow/.local/lib/python3.12/site-packages/airflow/example_dags/example_datasets.py for tasks to queue
[2025-10-04T06:24:57.661+0000] {logging_mixin.py:188} INFO - [2025-10-04T06:24:57.660+0000] {dagbag.py:545} INFO - Filling up the DagBag from /home/airflow/.local/lib/python3.12/site-packages/airflow/example_dags/example_datasets.py
[2025-10-04T06:24:57.733+0000] {processor.py:840} INFO - DAG(s) 'dataset_produces_1', 'dataset_consumes_1_and_2', 'consume_1_and_2_with_dataset_expressions', 'dataset_consumes_1', 'consume_1_or_both_2_and_3_with_dataset_expressions', 'dataset_consumes_1_never_scheduled', 'dataset_produces_2', 'consume_1_or_2_with_dataset_expressions', 'conditional_dataset_and_time_based_timetable', 'dataset_consumes_unknown_never_scheduled' retrieved from /home/airflow/.local/lib/python3.12/site-packages/airflow/example_dags/example_datasets.py
[2025-10-04T06:24:58.395+0000] {logging_mixin.py:188} INFO - [2025-10-04T06:24:58.394+0000] {dag.py:3096} INFO - Sync 10 DAGs
[2025-10-04T06:24:58.528+0000] {logging_mixin.py:188} INFO - [2025-10-04T06:24:58.528+0000] {dag.py:3954} INFO - Setting next_dagrun for conditional_dataset_and_time_based_timetable to 2025-10-01 01:00:00+00:00, run_after=2025-10-01 01:00:00+00:00
[2025-10-04T06:24:58.538+0000] {logging_mixin.py:188} INFO - [2025-10-04T06:24:58.537+0000] {dag.py:3954} INFO - Setting next_dagrun for consume_1_and_2_with_dataset_expressions to None, run_after=None
[2025-10-04T06:24:58.542+0000] {logging_mixin.py:188} INFO - [2025-10-04T06:24:58.541+0000] {dag.py:3954} INFO - Setting next_dagrun for consume_1_or_2_with_dataset_expressions to None, run_after=None
[2025-10-04T06:24:58.545+0000] {logging_mixin.py:188} INFO - [2025-10-04T06:24:58.545+0000] {dag.py:3954} INFO - Setting next_dagrun for consume_1_or_both_2_and_3_with_dataset_expressions to None, run_after=None
[2025-10-04T06:24:58.549+0000] {logging_mixin.py:188} INFO - [2025-10-04T06:24:58.548+0000] {dag.py:3954} INFO - Setting next_dagrun for dataset_consumes_1 to None, run_after=None
[2025-10-04T06:24:58.553+0000] {logging_mixin.py:188} INFO - [2025-10-04T06:24:58.553+0000] {dag.py:3954} INFO - Setting next_dagrun for dataset_consumes_1_and_2 to None, run_after=None
[2025-10-04T06:24:58.557+0000] {logging_mixin.py:188} INFO - [2025-10-04T06:24:58.556+0000] {dag.py:3954} INFO - Setting next_dagrun for dataset_consumes_1_never_scheduled to None, run_after=None
[2025-10-04T06:24:58.561+0000] {logging_mixin.py:188} INFO - [2025-10-04T06:24:58.561+0000] {dag.py:3954} INFO - Setting next_dagrun for dataset_consumes_unknown_never_scheduled to None, run_after=None
[2025-10-04T06:24:58.570+0000] {logging_mixin.py:188} INFO - [2025-10-04T06:24:58.569+0000] {dag.py:3954} INFO - Setting next_dagrun for dataset_produces_1 to 2025-10-03 00:00:00+00:00, run_after=2025-10-04 00:00:00+00:00
[2025-10-04T06:24:58.573+0000] {logging_mixin.py:188} INFO - [2025-10-04T06:24:58.572+0000] {dag.py:3954} INFO - Setting next_dagrun for dataset_produces_2 to None, run_after=None
[2025-10-04T06:24:58.700+0000] {processor.py:183} INFO - Processing /home/airflow/.local/lib/python3.12/site-packages/airflow/example_dags/example_datasets.py took 1.060 seconds
[2025-10-04T06:25:29.049+0000] {processor.py:161} INFO - Started process (PID=111) to work on /home/airflow/.local/lib/python3.12/site-packages/airflow/example_dags/example_datasets.py
[2025-10-04T06:25:29.052+0000] {processor.py:830} INFO - Processing file /home/airflow/.local/lib/python3.12/site-packages/airflow/example_dags/example_datasets.py for tasks to queue
[2025-10-04T06:25:29.057+0000] {logging_mixin.py:188} INFO - [2025-10-04T06:25:29.056+0000] {dagbag.py:545} INFO - Filling up the DagBag from /home/airflow/.local/lib/python3.12/site-packages/airflow/example_dags/example_datasets.py
[2025-10-04T06:25:29.105+0000] {processor.py:840} INFO - DAG(s) 'dataset_consumes_1', 'dataset_consumes_1_and_2', 'consume_1_or_both_2_and_3_with_dataset_expressions', 'dataset_consumes_unknown_never_scheduled', 'dataset_consumes_1_never_scheduled', 'consume_1_or_2_with_dataset_expressions', 'conditional_dataset_and_time_based_timetable', 'consume_1_and_2_with_dataset_expressions', 'dataset_produces_2', 'dataset_produces_1' retrieved from /home/airflow/.local/lib/python3.12/site-packages/airflow/example_dags/example_datasets.py
[2025-10-04T06:25:29.345+0000] {logging_mixin.py:188} INFO - [2025-10-04T06:25:29.344+0000] {dag.py:3096} INFO - Sync 10 DAGs
[2025-10-04T06:25:29.514+0000] {logging_mixin.py:188} INFO - [2025-10-04T06:25:29.513+0000] {dag.py:3954} INFO - Setting next_dagrun for conditional_dataset_and_time_based_timetable to 2025-10-01 01:00:00+00:00, run_after=2025-10-01 01:00:00+00:00
[2025-10-04T06:25:29.537+0000] {logging_mixin.py:188} INFO - [2025-10-04T06:25:29.536+0000] {dag.py:3954} INFO - Setting next_dagrun for consume_1_and_2_with_dataset_expressions to None, run_after=None
[2025-10-04T06:25:29.542+0000] {logging_mixin.py:188} INFO - [2025-10-04T06:25:29.541+0000] {dag.py:3954} INFO - Setting next_dagrun for consume_1_or_2_with_dataset_expressions to None, run_after=None
[2025-10-04T06:25:29.550+0000] {logging_mixin.py:188} INFO - [2025-10-04T06:25:29.550+0000] {dag.py:3954} INFO - Setting next_dagrun for consume_1_or_both_2_and_3_with_dataset_expressions to None, run_after=None
[2025-10-04T06:25:29.555+0000] {logging_mixin.py:188} INFO - [2025-10-04T06:25:29.555+0000] {dag.py:3954} INFO - Setting next_dagrun for dataset_consumes_1 to None, run_after=None
[2025-10-04T06:25:29.562+0000] {logging_mixin.py:188} INFO - [2025-10-04T06:25:29.561+0000] {dag.py:3954} INFO - Setting next_dagrun for dataset_consumes_1_and_2 to None, run_after=None
[2025-10-04T06:25:29.567+0000] {logging_mixin.py:188} INFO - [2025-10-04T06:25:29.566+0000] {dag.py:3954} INFO - Setting next_dagrun for dataset_consumes_1_never_scheduled to None, run_after=None
[2025-10-04T06:25:29.573+0000] {logging_mixin.py:188} INFO - [2025-10-04T06:25:29.572+0000] {dag.py:3954} INFO - Setting next_dagrun for dataset_consumes_unknown_never_scheduled to None, run_after=None
[2025-10-04T06:25:29.594+0000] {logging_mixin.py:188} INFO - [2025-10-04T06:25:29.593+0000] {dag.py:3954} INFO - Setting next_dagrun for dataset_produces_1 to 2025-10-03 00:00:00+00:00, run_after=2025-10-04 00:00:00+00:00
[2025-10-04T06:25:29.599+0000] {logging_mixin.py:188} INFO - [2025-10-04T06:25:29.599+0000] {dag.py:3954} INFO - Setting next_dagrun for dataset_produces_2 to None, run_after=None
[2025-10-04T06:25:29.844+0000] {processor.py:183} INFO - Processing /home/airflow/.local/lib/python3.12/site-packages/airflow/example_dags/example_datasets.py took 0.813 seconds
[2025-10-04T06:26:00.998+0000] {processor.py:161} INFO - Started process (PID=165) to work on /home/airflow/.local/lib/python3.12/site-packages/airflow/example_dags/example_datasets.py
[2025-10-04T06:26:01.001+0000] {processor.py:830} INFO - Processing file /home/airflow/.local/lib/python3.12/site-packages/airflow/example_dags/example_datasets.py for tasks to queue
[2025-10-04T06:26:01.006+0000] {logging_mixin.py:188} INFO - [2025-10-04T06:26:01.005+0000] {dagbag.py:545} INFO - Filling up the DagBag from /home/airflow/.local/lib/python3.12/site-packages/airflow/example_dags/example_datasets.py
[2025-10-04T06:26:01.059+0000] {processor.py:840} INFO - DAG(s) 'consume_1_or_both_2_and_3_with_dataset_expressions', 'consume_1_and_2_with_dataset_expressions', 'dataset_consumes_1_never_scheduled', 'dataset_consumes_1', 'dataset_consumes_1_and_2', 'conditional_dataset_and_time_based_timetable', 'dataset_produces_1', 'dataset_produces_2', 'consume_1_or_2_with_dataset_expressions', 'dataset_consumes_unknown_never_scheduled' retrieved from /home/airflow/.local/lib/python3.12/site-packages/airflow/example_dags/example_datasets.py
[2025-10-04T06:26:01.197+0000] {logging_mixin.py:188} INFO - [2025-10-04T06:26:01.197+0000] {dag.py:3096} INFO - Sync 10 DAGs
[2025-10-04T06:26:01.335+0000] {logging_mixin.py:188} INFO - [2025-10-04T06:26:01.334+0000] {dag.py:3954} INFO - Setting next_dagrun for conditional_dataset_and_time_based_timetable to 2025-10-01 01:00:00+00:00, run_after=2025-10-01 01:00:00+00:00
[2025-10-04T06:26:01.376+0000] {logging_mixin.py:188} INFO - [2025-10-04T06:26:01.375+0000] {dag.py:3954} INFO - Setting next_dagrun for consume_1_and_2_with_dataset_expressions to None, run_after=None
[2025-10-04T06:26:01.384+0000] {logging_mixin.py:188} INFO - [2025-10-04T06:26:01.383+0000] {dag.py:3954} INFO - Setting next_dagrun for consume_1_or_2_with_dataset_expressions to None, run_after=None
[2025-10-04T06:26:01.397+0000] {logging_mixin.py:188} INFO - [2025-10-04T06:26:01.396+0000] {dag.py:3954} INFO - Setting next_dagrun for consume_1_or_both_2_and_3_with_dataset_expressions to None, run_after=None
[2025-10-04T06:26:01.408+0000] {logging_mixin.py:188} INFO - [2025-10-04T06:26:01.402+0000] {dag.py:3954} INFO - Setting next_dagrun for dataset_consumes_1 to None, run_after=None
[2025-10-04T06:26:01.416+0000] {logging_mixin.py:188} INFO - [2025-10-04T06:26:01.415+0000] {dag.py:3954} INFO - Setting next_dagrun for dataset_consumes_1_and_2 to None, run_after=None
[2025-10-04T06:26:01.430+0000] {logging_mixin.py:188} INFO - [2025-10-04T06:26:01.430+0000] {dag.py:3954} INFO - Setting next_dagrun for dataset_consumes_1_never_scheduled to None, run_after=None
[2025-10-04T06:26:01.437+0000] {logging_mixin.py:188} INFO - [2025-10-04T06:26:01.435+0000] {dag.py:3954} INFO - Setting next_dagrun for dataset_consumes_unknown_never_scheduled to None, run_after=None
[2025-10-04T06:26:01.451+0000] {logging_mixin.py:188} INFO - [2025-10-04T06:26:01.451+0000] {dag.py:3954} INFO - Setting next_dagrun for dataset_produces_1 to 2025-10-03 00:00:00+00:00, run_after=2025-10-04 00:00:00+00:00
[2025-10-04T06:26:01.458+0000] {logging_mixin.py:188} INFO - [2025-10-04T06:26:01.457+0000] {dag.py:3954} INFO - Setting next_dagrun for dataset_produces_2 to None, run_after=None
[2025-10-04T06:26:01.614+0000] {processor.py:183} INFO - Processing /home/airflow/.local/lib/python3.12/site-packages/airflow/example_dags/example_datasets.py took 0.633 seconds
