[2025-10-04T06:24:56.151+0000] {processor.py:161} INFO - Started process (PID=53) to work on /home/airflow/.local/lib/python3.12/site-packages/airflow/example_dags/example_params_trigger_ui.py
[2025-10-04T06:24:56.155+0000] {processor.py:830} INFO - Processing file /home/airflow/.local/lib/python3.12/site-packages/airflow/example_dags/example_params_trigger_ui.py for tasks to queue
[2025-10-04T06:24:56.161+0000] {logging_mixin.py:188} INFO - [2025-10-04T06:24:56.160+0000] {dagbag.py:545} INFO - Filling up the DagBag from /home/airflow/.local/lib/python3.12/site-packages/airflow/example_dags/example_params_trigger_ui.py
[2025-10-04T06:24:56.239+0000] {processor.py:840} INFO - DAG(s) 'example_params_trigger_ui' retrieved from /home/airflow/.local/lib/python3.12/site-packages/airflow/example_dags/example_params_trigger_ui.py
[2025-10-04T06:24:56.910+0000] {logging_mixin.py:188} INFO - [2025-10-04T06:24:56.909+0000] {dag.py:3096} INFO - Sync 1 DAGs
[2025-10-04T06:24:56.957+0000] {logging_mixin.py:188} INFO - [2025-10-04T06:24:56.957+0000] {dag.py:3954} INFO - Setting next_dagrun for example_params_trigger_ui to None, run_after=None
[2025-10-04T06:24:57.039+0000] {processor.py:183} INFO - Processing /home/airflow/.local/lib/python3.12/site-packages/airflow/example_dags/example_params_trigger_ui.py took 0.905 seconds
[2025-10-04T06:25:27.405+0000] {processor.py:161} INFO - Started process (PID=107) to work on /home/airflow/.local/lib/python3.12/site-packages/airflow/example_dags/example_params_trigger_ui.py
[2025-10-04T06:25:27.411+0000] {processor.py:830} INFO - Processing file /home/airflow/.local/lib/python3.12/site-packages/airflow/example_dags/example_params_trigger_ui.py for tasks to queue
[2025-10-04T06:25:27.420+0000] {logging_mixin.py:188} INFO - [2025-10-04T06:25:27.419+0000] {dagbag.py:545} INFO - Filling up the DagBag from /home/airflow/.local/lib/python3.12/site-packages/airflow/example_dags/example_params_trigger_ui.py
[2025-10-04T06:25:27.485+0000] {processor.py:840} INFO - DAG(s) 'example_params_trigger_ui' retrieved from /home/airflow/.local/lib/python3.12/site-packages/airflow/example_dags/example_params_trigger_ui.py
[2025-10-04T06:25:27.696+0000] {logging_mixin.py:188} INFO - [2025-10-04T06:25:27.695+0000] {dag.py:3096} INFO - Sync 1 DAGs
[2025-10-04T06:25:27.774+0000] {logging_mixin.py:188} INFO - [2025-10-04T06:25:27.774+0000] {dag.py:3954} INFO - Setting next_dagrun for example_params_trigger_ui to None, run_after=None
[2025-10-04T06:25:27.862+0000] {processor.py:183} INFO - Processing /home/airflow/.local/lib/python3.12/site-packages/airflow/example_dags/example_params_trigger_ui.py took 0.483 seconds
[2025-10-04T06:25:59.794+0000] {processor.py:161} INFO - Started process (PID=161) to work on /home/airflow/.local/lib/python3.12/site-packages/airflow/example_dags/example_params_trigger_ui.py
[2025-10-04T06:25:59.798+0000] {processor.py:830} INFO - Processing file /home/airflow/.local/lib/python3.12/site-packages/airflow/example_dags/example_params_trigger_ui.py for tasks to queue
[2025-10-04T06:25:59.805+0000] {logging_mixin.py:188} INFO - [2025-10-04T06:25:59.804+0000] {dagbag.py:545} INFO - Filling up the DagBag from /home/airflow/.local/lib/python3.12/site-packages/airflow/example_dags/example_params_trigger_ui.py
[2025-10-04T06:25:59.861+0000] {processor.py:840} INFO - DAG(s) 'example_params_trigger_ui' retrieved from /home/airflow/.local/lib/python3.12/site-packages/airflow/example_dags/example_params_trigger_ui.py
[2025-10-04T06:26:00.084+0000] {logging_mixin.py:188} INFO - [2025-10-04T06:26:00.083+0000] {dag.py:3096} INFO - Sync 1 DAGs
[2025-10-04T06:26:00.132+0000] {logging_mixin.py:188} INFO - [2025-10-04T06:26:00.131+0000] {dag.py:3954} INFO - Setting next_dagrun for example_params_trigger_ui to None, run_after=None
[2025-10-04T06:26:00.181+0000] {processor.py:183} INFO - Processing /home/airflow/.local/lib/python3.12/site-packages/airflow/example_dags/example_params_trigger_ui.py took 0.416 seconds
