[2025-10-04T06:25:01.805+0000] {processor.py:161} INFO - Started process (PID=68) to work on /home/airflow/.local/lib/python3.12/site-packages/airflow/example_dags/example_task_group_decorator.py
[2025-10-04T06:25:01.808+0000] {processor.py:830} INFO - Processing file /home/airflow/.local/lib/python3.12/site-packages/airflow/example_dags/example_task_group_decorator.py for tasks to queue
[2025-10-04T06:25:01.815+0000] {logging_mixin.py:188} INFO - [2025-10-04T06:25:01.814+0000] {dagbag.py:545} INFO - Filling up the DagBag from /home/airflow/.local/lib/python3.12/site-packages/airflow/example_dags/example_task_group_decorator.py
[2025-10-04T06:25:01.864+0000] {processor.py:840} INFO - DAG(s) 'example_task_group_decorator' retrieved from /home/airflow/.local/lib/python3.12/site-packages/airflow/example_dags/example_task_group_decorator.py
[2025-10-04T06:25:02.212+0000] {logging_mixin.py:188} INFO - [2025-10-04T06:25:02.211+0000] {dag.py:3096} INFO - Sync 1 DAGs
[2025-10-04T06:25:02.278+0000] {logging_mixin.py:188} INFO - [2025-10-04T06:25:02.278+0000] {dag.py:3954} INFO - Setting next_dagrun for example_task_group_decorator to 2025-10-03 00:00:00+00:00, run_after=2025-10-04 00:00:00+00:00
[2025-10-04T06:25:02.349+0000] {processor.py:183} INFO - Processing /home/airflow/.local/lib/python3.12/site-packages/airflow/example_dags/example_task_group_decorator.py took 0.561 seconds
[2025-10-04T06:25:38.734+0000] {processor.py:161} INFO - Started process (PID=122) to work on /home/airflow/.local/lib/python3.12/site-packages/airflow/example_dags/example_task_group_decorator.py
[2025-10-04T06:25:38.744+0000] {processor.py:830} INFO - Processing file /home/airflow/.local/lib/python3.12/site-packages/airflow/example_dags/example_task_group_decorator.py for tasks to queue
[2025-10-04T06:25:38.828+0000] {logging_mixin.py:188} INFO - [2025-10-04T06:25:38.797+0000] {dagbag.py:545} INFO - Filling up the DagBag from /home/airflow/.local/lib/python3.12/site-packages/airflow/example_dags/example_task_group_decorator.py
[2025-10-04T06:25:39.123+0000] {processor.py:840} INFO - DAG(s) 'example_task_group_decorator' retrieved from /home/airflow/.local/lib/python3.12/site-packages/airflow/example_dags/example_task_group_decorator.py
[2025-10-04T06:25:39.563+0000] {logging_mixin.py:188} INFO - [2025-10-04T06:25:39.562+0000] {dag.py:3096} INFO - Sync 1 DAGs
[2025-10-04T06:25:39.877+0000] {logging_mixin.py:188} INFO - [2025-10-04T06:25:39.876+0000] {dag.py:3954} INFO - Setting next_dagrun for example_task_group_decorator to 2025-10-03 00:00:00+00:00, run_after=2025-10-04 00:00:00+00:00
[2025-10-04T06:25:40.004+0000] {processor.py:183} INFO - Processing /home/airflow/.local/lib/python3.12/site-packages/airflow/example_dags/example_task_group_decorator.py took 1.394 seconds
[2025-10-04T06:26:10.417+0000] {processor.py:161} INFO - Started process (PID=176) to work on /home/airflow/.local/lib/python3.12/site-packages/airflow/example_dags/example_task_group_decorator.py
[2025-10-04T06:26:10.425+0000] {processor.py:830} INFO - Processing file /home/airflow/.local/lib/python3.12/site-packages/airflow/example_dags/example_task_group_decorator.py for tasks to queue
[2025-10-04T06:26:10.431+0000] {logging_mixin.py:188} INFO - [2025-10-04T06:26:10.430+0000] {dagbag.py:545} INFO - Filling up the DagBag from /home/airflow/.local/lib/python3.12/site-packages/airflow/example_dags/example_task_group_decorator.py
[2025-10-04T06:26:10.488+0000] {processor.py:840} INFO - DAG(s) 'example_task_group_decorator' retrieved from /home/airflow/.local/lib/python3.12/site-packages/airflow/example_dags/example_task_group_decorator.py
[2025-10-04T06:26:23.127+0000] {logging_mixin.py:188} INFO - [2025-10-04T06:26:23.127+0000] {dag.py:3096} INFO - Sync 1 DAGs
[2025-10-04T06:26:23.275+0000] {logging_mixin.py:188} INFO - [2025-10-04T06:26:23.274+0000] {dag.py:3954} INFO - Setting next_dagrun for example_task_group_decorator to 2025-10-03 00:00:00+00:00, run_after=2025-10-04 00:00:00+00:00
[2025-10-04T06:26:23.308+0000] {processor.py:183} INFO - Processing /home/airflow/.local/lib/python3.12/site-packages/airflow/example_dags/example_task_group_decorator.py took 12.951 seconds
