[2025-10-04T06:24:51.601+0000] {processor.py:161} INFO - Started process (PID=45) to work on /home/airflow/.local/lib/python3.12/site-packages/airflow/example_dags/example_branch_labels.py
[2025-10-04T06:24:51.642+0000] {processor.py:830} INFO - Processing file /home/airflow/.local/lib/python3.12/site-packages/airflow/example_dags/example_branch_labels.py for tasks to queue
[2025-10-04T06:24:51.661+0000] {logging_mixin.py:188} INFO - [2025-10-04T06:24:51.660+0000] {dagbag.py:545} INFO - Filling up the DagBag from /home/airflow/.local/lib/python3.12/site-packages/airflow/example_dags/example_branch_labels.py
[2025-10-04T06:24:51.945+0000] {processor.py:840} INFO - DAG(s) 'example_branch_labels' retrieved from /home/airflow/.local/lib/python3.12/site-packages/airflow/example_dags/example_branch_labels.py
[2025-10-04T06:24:52.730+0000] {logging_mixin.py:188} INFO - [2025-10-04T06:24:52.729+0000] {dag.py:3096} INFO - Sync 1 DAGs
[2025-10-04T06:24:52.842+0000] {logging_mixin.py:188} INFO - [2025-10-04T06:24:52.841+0000] {dag.py:3954} INFO - Setting next_dagrun for example_branch_labels to 2025-10-03 00:00:00+00:00, run_after=2025-10-04 00:00:00+00:00
[2025-10-04T06:24:52.937+0000] {processor.py:183} INFO - Processing /home/airflow/.local/lib/python3.12/site-packages/airflow/example_dags/example_branch_labels.py took 1.450 seconds
[2025-10-04T06:25:23.714+0000] {processor.py:161} INFO - Started process (PID=99) to work on /home/airflow/.local/lib/python3.12/site-packages/airflow/example_dags/example_branch_labels.py
[2025-10-04T06:25:23.717+0000] {processor.py:830} INFO - Processing file /home/airflow/.local/lib/python3.12/site-packages/airflow/example_dags/example_branch_labels.py for tasks to queue
[2025-10-04T06:25:23.721+0000] {logging_mixin.py:188} INFO - [2025-10-04T06:25:23.721+0000] {dagbag.py:545} INFO - Filling up the DagBag from /home/airflow/.local/lib/python3.12/site-packages/airflow/example_dags/example_branch_labels.py
[2025-10-04T06:25:23.750+0000] {processor.py:840} INFO - DAG(s) 'example_branch_labels' retrieved from /home/airflow/.local/lib/python3.12/site-packages/airflow/example_dags/example_branch_labels.py
[2025-10-04T06:25:23.825+0000] {logging_mixin.py:188} INFO - [2025-10-04T06:25:23.824+0000] {dag.py:3096} INFO - Sync 1 DAGs
[2025-10-04T06:25:23.906+0000] {logging_mixin.py:188} INFO - [2025-10-04T06:25:23.906+0000] {dag.py:3954} INFO - Setting next_dagrun for example_branch_labels to 2025-10-03 00:00:00+00:00, run_after=2025-10-04 00:00:00+00:00
[2025-10-04T06:25:24.015+0000] {processor.py:183} INFO - Processing /home/airflow/.local/lib/python3.12/site-packages/airflow/example_dags/example_branch_labels.py took 0.312 seconds
[2025-10-04T06:25:57.631+0000] {processor.py:161} INFO - Started process (PID=153) to work on /home/airflow/.local/lib/python3.12/site-packages/airflow/example_dags/example_branch_labels.py
[2025-10-04T06:25:57.639+0000] {processor.py:830} INFO - Processing file /home/airflow/.local/lib/python3.12/site-packages/airflow/example_dags/example_branch_labels.py for tasks to queue
[2025-10-04T06:25:57.647+0000] {logging_mixin.py:188} INFO - [2025-10-04T06:25:57.646+0000] {dagbag.py:545} INFO - Filling up the DagBag from /home/airflow/.local/lib/python3.12/site-packages/airflow/example_dags/example_branch_labels.py
[2025-10-04T06:25:57.693+0000] {processor.py:840} INFO - DAG(s) 'example_branch_labels' retrieved from /home/airflow/.local/lib/python3.12/site-packages/airflow/example_dags/example_branch_labels.py
[2025-10-04T06:25:57.792+0000] {logging_mixin.py:188} INFO - [2025-10-04T06:25:57.789+0000] {dag.py:3096} INFO - Sync 1 DAGs
[2025-10-04T06:25:57.928+0000] {logging_mixin.py:188} INFO - [2025-10-04T06:25:57.927+0000] {dag.py:3954} INFO - Setting next_dagrun for example_branch_labels to 2025-10-03 00:00:00+00:00, run_after=2025-10-04 00:00:00+00:00
[2025-10-04T06:25:58.013+0000] {processor.py:183} INFO - Processing /home/airflow/.local/lib/python3.12/site-packages/airflow/example_dags/example_branch_labels.py took 0.404 seconds
