[2025-10-04T06:24:49.730+0000] {processor.py:161} INFO - Started process (PID=43) to work on /home/airflow/.local/lib/python3.12/site-packages/airflow/example_dags/example_skip_dag.py
[2025-10-04T06:24:49.746+0000] {processor.py:830} INFO - Processing file /home/airflow/.local/lib/python3.12/site-packages/airflow/example_dags/example_skip_dag.py for tasks to queue
[2025-10-04T06:24:49.767+0000] {logging_mixin.py:188} INFO - [2025-10-04T06:24:49.766+0000] {dagbag.py:545} INFO - Filling up the DagBag from /home/airflow/.local/lib/python3.12/site-packages/airflow/example_dags/example_skip_dag.py
[2025-10-04T06:24:49.894+0000] {processor.py:840} INFO - DAG(s) 'example_skip_dag' retrieved from /home/airflow/.local/lib/python3.12/site-packages/airflow/example_dags/example_skip_dag.py
[2025-10-04T06:24:50.770+0000] {logging_mixin.py:188} INFO - [2025-10-04T06:24:50.768+0000] {dag.py:3096} INFO - Sync 1 DAGs
[2025-10-04T06:24:50.976+0000] {logging_mixin.py:188} INFO - [2025-10-04T06:24:50.975+0000] {dag.py:3954} INFO - Setting next_dagrun for example_skip_dag to 2025-10-03 00:00:00+00:00, run_after=2025-10-04 00:00:00+00:00
[2025-10-04T06:24:51.351+0000] {processor.py:183} INFO - Processing /home/airflow/.local/lib/python3.12/site-packages/airflow/example_dags/example_skip_dag.py took 1.660 seconds
[2025-10-04T06:25:21.703+0000] {processor.py:161} INFO - Started process (PID=97) to work on /home/airflow/.local/lib/python3.12/site-packages/airflow/example_dags/example_skip_dag.py
[2025-10-04T06:25:21.711+0000] {processor.py:830} INFO - Processing file /home/airflow/.local/lib/python3.12/site-packages/airflow/example_dags/example_skip_dag.py for tasks to queue
[2025-10-04T06:25:21.720+0000] {logging_mixin.py:188} INFO - [2025-10-04T06:25:21.719+0000] {dagbag.py:545} INFO - Filling up the DagBag from /home/airflow/.local/lib/python3.12/site-packages/airflow/example_dags/example_skip_dag.py
[2025-10-04T06:25:21.739+0000] {processor.py:840} INFO - DAG(s) 'example_skip_dag' retrieved from /home/airflow/.local/lib/python3.12/site-packages/airflow/example_dags/example_skip_dag.py
[2025-10-04T06:25:21.784+0000] {logging_mixin.py:188} INFO - [2025-10-04T06:25:21.784+0000] {dag.py:3096} INFO - Sync 1 DAGs
[2025-10-04T06:25:21.838+0000] {logging_mixin.py:188} INFO - [2025-10-04T06:25:21.837+0000] {dag.py:3954} INFO - Setting next_dagrun for example_skip_dag to 2025-10-03 00:00:00+00:00, run_after=2025-10-04 00:00:00+00:00
[2025-10-04T06:25:21.881+0000] {processor.py:183} INFO - Processing /home/airflow/.local/lib/python3.12/site-packages/airflow/example_dags/example_skip_dag.py took 0.222 seconds
[2025-10-04T06:25:56.981+0000] {processor.py:161} INFO - Started process (PID=151) to work on /home/airflow/.local/lib/python3.12/site-packages/airflow/example_dags/example_skip_dag.py
[2025-10-04T06:25:56.984+0000] {processor.py:830} INFO - Processing file /home/airflow/.local/lib/python3.12/site-packages/airflow/example_dags/example_skip_dag.py for tasks to queue
[2025-10-04T06:25:57.000+0000] {logging_mixin.py:188} INFO - [2025-10-04T06:25:56.999+0000] {dagbag.py:545} INFO - Filling up the DagBag from /home/airflow/.local/lib/python3.12/site-packages/airflow/example_dags/example_skip_dag.py
[2025-10-04T06:25:57.048+0000] {processor.py:840} INFO - DAG(s) 'example_skip_dag' retrieved from /home/airflow/.local/lib/python3.12/site-packages/airflow/example_dags/example_skip_dag.py
[2025-10-04T06:25:57.179+0000] {logging_mixin.py:188} INFO - [2025-10-04T06:25:57.178+0000] {dag.py:3096} INFO - Sync 1 DAGs
[2025-10-04T06:25:57.372+0000] {logging_mixin.py:188} INFO - [2025-10-04T06:25:57.371+0000] {dag.py:3954} INFO - Setting next_dagrun for example_skip_dag to 2025-10-03 00:00:00+00:00, run_after=2025-10-04 00:00:00+00:00
[2025-10-04T06:25:57.514+0000] {processor.py:183} INFO - Processing /home/airflow/.local/lib/python3.12/site-packages/airflow/example_dags/example_skip_dag.py took 0.573 seconds
