[2025-10-04T06:24:56.557+0000] {processor.py:161} INFO - Started process (PID=54) to work on /home/airflow/.local/lib/python3.12/site-packages/airflow/example_dags/example_trigger_target_dag.py
[2025-10-04T06:24:56.560+0000] {processor.py:830} INFO - Processing file /home/airflow/.local/lib/python3.12/site-packages/airflow/example_dags/example_trigger_target_dag.py for tasks to queue
[2025-10-04T06:24:56.571+0000] {logging_mixin.py:188} INFO - [2025-10-04T06:24:56.569+0000] {dagbag.py:545} INFO - Filling up the DagBag from /home/airflow/.local/lib/python3.12/site-packages/airflow/example_dags/example_trigger_target_dag.py
[2025-10-04T06:24:56.636+0000] {processor.py:840} INFO - DAG(s) 'example_trigger_target_dag' retrieved from /home/airflow/.local/lib/python3.12/site-packages/airflow/example_dags/example_trigger_target_dag.py
[2025-10-04T06:24:57.144+0000] {logging_mixin.py:188} INFO - [2025-10-04T06:24:57.143+0000] {dag.py:3096} INFO - Sync 1 DAGs
[2025-10-04T06:24:57.174+0000] {logging_mixin.py:188} INFO - [2025-10-04T06:24:57.174+0000] {dag.py:3954} INFO - Setting next_dagrun for example_trigger_target_dag to None, run_after=None
[2025-10-04T06:24:57.247+0000] {processor.py:183} INFO - Processing /home/airflow/.local/lib/python3.12/site-packages/airflow/example_dags/example_trigger_target_dag.py took 0.708 seconds
[2025-10-04T06:25:27.673+0000] {processor.py:161} INFO - Started process (PID=108) to work on /home/airflow/.local/lib/python3.12/site-packages/airflow/example_dags/example_trigger_target_dag.py
[2025-10-04T06:25:27.675+0000] {processor.py:830} INFO - Processing file /home/airflow/.local/lib/python3.12/site-packages/airflow/example_dags/example_trigger_target_dag.py for tasks to queue
[2025-10-04T06:25:27.690+0000] {logging_mixin.py:188} INFO - [2025-10-04T06:25:27.688+0000] {dagbag.py:545} INFO - Filling up the DagBag from /home/airflow/.local/lib/python3.12/site-packages/airflow/example_dags/example_trigger_target_dag.py
[2025-10-04T06:25:27.739+0000] {processor.py:840} INFO - DAG(s) 'example_trigger_target_dag' retrieved from /home/airflow/.local/lib/python3.12/site-packages/airflow/example_dags/example_trigger_target_dag.py
[2025-10-04T06:25:27.820+0000] {logging_mixin.py:188} INFO - [2025-10-04T06:25:27.819+0000] {dag.py:3096} INFO - Sync 1 DAGs
[2025-10-04T06:25:27.873+0000] {logging_mixin.py:188} INFO - [2025-10-04T06:25:27.872+0000] {dag.py:3954} INFO - Setting next_dagrun for example_trigger_target_dag to None, run_after=None
[2025-10-04T06:25:28.130+0000] {processor.py:183} INFO - Processing /home/airflow/.local/lib/python3.12/site-packages/airflow/example_dags/example_trigger_target_dag.py took 0.473 seconds
[2025-10-04T06:25:59.962+0000] {processor.py:161} INFO - Started process (PID=162) to work on /home/airflow/.local/lib/python3.12/site-packages/airflow/example_dags/example_trigger_target_dag.py
[2025-10-04T06:25:59.965+0000] {processor.py:830} INFO - Processing file /home/airflow/.local/lib/python3.12/site-packages/airflow/example_dags/example_trigger_target_dag.py for tasks to queue
[2025-10-04T06:25:59.977+0000] {logging_mixin.py:188} INFO - [2025-10-04T06:25:59.976+0000] {dagbag.py:545} INFO - Filling up the DagBag from /home/airflow/.local/lib/python3.12/site-packages/airflow/example_dags/example_trigger_target_dag.py
[2025-10-04T06:25:59.998+0000] {processor.py:840} INFO - DAG(s) 'example_trigger_target_dag' retrieved from /home/airflow/.local/lib/python3.12/site-packages/airflow/example_dags/example_trigger_target_dag.py
[2025-10-04T06:26:00.086+0000] {logging_mixin.py:188} INFO - [2025-10-04T06:26:00.085+0000] {dag.py:3096} INFO - Sync 1 DAGs
[2025-10-04T06:26:00.135+0000] {logging_mixin.py:188} INFO - [2025-10-04T06:26:00.135+0000] {dag.py:3954} INFO - Setting next_dagrun for example_trigger_target_dag to None, run_after=None
[2025-10-04T06:26:00.195+0000] {processor.py:183} INFO - Processing /home/airflow/.local/lib/python3.12/site-packages/airflow/example_dags/example_trigger_target_dag.py took 0.255 seconds
