[2025-10-04T06:24:57.902+0000] {processor.py:161} INFO - Started process (PID=58) to work on /home/airflow/.local/lib/python3.12/site-packages/airflow/example_dags/example_xcomargs.py
[2025-10-04T06:24:57.905+0000] {processor.py:830} INFO - Processing file /home/airflow/.local/lib/python3.12/site-packages/airflow/example_dags/example_xcomargs.py for tasks to queue
[2025-10-04T06:24:57.910+0000] {logging_mixin.py:188} INFO - [2025-10-04T06:24:57.909+0000] {dagbag.py:545} INFO - Filling up the DagBag from /home/airflow/.local/lib/python3.12/site-packages/airflow/example_dags/example_xcomargs.py
[2025-10-04T06:24:57.945+0000] {processor.py:840} INFO - DAG(s) 'example_xcom_args', 'example_xcom_args_with_operators' retrieved from /home/airflow/.local/lib/python3.12/site-packages/airflow/example_dags/example_xcomargs.py
[2025-10-04T06:24:58.356+0000] {logging_mixin.py:188} INFO - [2025-10-04T06:24:58.355+0000] {dag.py:3096} INFO - Sync 2 DAGs
[2025-10-04T06:24:58.416+0000] {logging_mixin.py:188} INFO - [2025-10-04T06:24:58.415+0000] {dag.py:3954} INFO - Setting next_dagrun for example_xcom_args to None, run_after=None
[2025-10-04T06:24:58.425+0000] {logging_mixin.py:188} INFO - [2025-10-04T06:24:58.425+0000] {dag.py:3954} INFO - Setting next_dagrun for example_xcom_args_with_operators to None, run_after=None
[2025-10-04T06:24:58.533+0000] {processor.py:183} INFO - Processing /home/airflow/.local/lib/python3.12/site-packages/airflow/example_dags/example_xcomargs.py took 0.648 seconds
[2025-10-04T06:25:29.054+0000] {processor.py:161} INFO - Started process (PID=112) to work on /home/airflow/.local/lib/python3.12/site-packages/airflow/example_dags/example_xcomargs.py
[2025-10-04T06:25:29.057+0000] {processor.py:830} INFO - Processing file /home/airflow/.local/lib/python3.12/site-packages/airflow/example_dags/example_xcomargs.py for tasks to queue
[2025-10-04T06:25:29.062+0000] {logging_mixin.py:188} INFO - [2025-10-04T06:25:29.061+0000] {dagbag.py:545} INFO - Filling up the DagBag from /home/airflow/.local/lib/python3.12/site-packages/airflow/example_dags/example_xcomargs.py
[2025-10-04T06:25:29.092+0000] {processor.py:840} INFO - DAG(s) 'example_xcom_args_with_operators', 'example_xcom_args' retrieved from /home/airflow/.local/lib/python3.12/site-packages/airflow/example_dags/example_xcomargs.py
[2025-10-04T06:25:29.202+0000] {logging_mixin.py:188} INFO - [2025-10-04T06:25:29.201+0000] {dag.py:3096} INFO - Sync 2 DAGs
[2025-10-04T06:25:29.248+0000] {logging_mixin.py:188} INFO - [2025-10-04T06:25:29.248+0000] {dag.py:3954} INFO - Setting next_dagrun for example_xcom_args to None, run_after=None
[2025-10-04T06:25:29.265+0000] {logging_mixin.py:188} INFO - [2025-10-04T06:25:29.264+0000] {dag.py:3954} INFO - Setting next_dagrun for example_xcom_args_with_operators to None, run_after=None
[2025-10-04T06:25:29.343+0000] {processor.py:183} INFO - Processing /home/airflow/.local/lib/python3.12/site-packages/airflow/example_dags/example_xcomargs.py took 0.306 seconds
[2025-10-04T06:26:01.000+0000] {processor.py:161} INFO - Started process (PID=166) to work on /home/airflow/.local/lib/python3.12/site-packages/airflow/example_dags/example_xcomargs.py
[2025-10-04T06:26:01.002+0000] {processor.py:830} INFO - Processing file /home/airflow/.local/lib/python3.12/site-packages/airflow/example_dags/example_xcomargs.py for tasks to queue
[2025-10-04T06:26:01.006+0000] {logging_mixin.py:188} INFO - [2025-10-04T06:26:01.005+0000] {dagbag.py:545} INFO - Filling up the DagBag from /home/airflow/.local/lib/python3.12/site-packages/airflow/example_dags/example_xcomargs.py
[2025-10-04T06:26:01.031+0000] {processor.py:840} INFO - DAG(s) 'example_xcom_args', 'example_xcom_args_with_operators' retrieved from /home/airflow/.local/lib/python3.12/site-packages/airflow/example_dags/example_xcomargs.py
[2025-10-04T06:26:01.103+0000] {logging_mixin.py:188} INFO - [2025-10-04T06:26:01.102+0000] {dag.py:3096} INFO - Sync 2 DAGs
[2025-10-04T06:26:01.138+0000] {logging_mixin.py:188} INFO - [2025-10-04T06:26:01.137+0000] {dag.py:3954} INFO - Setting next_dagrun for example_xcom_args to None, run_after=None
[2025-10-04T06:26:01.151+0000] {logging_mixin.py:188} INFO - [2025-10-04T06:26:01.151+0000] {dag.py:3954} INFO - Setting next_dagrun for example_xcom_args_with_operators to None, run_after=None
[2025-10-04T06:26:01.202+0000] {processor.py:183} INFO - Processing /home/airflow/.local/lib/python3.12/site-packages/airflow/example_dags/example_xcomargs.py took 0.219 seconds
