[2025-10-04T06:24:55.518+0000] {processor.py:161} INFO - Started process (PID=52) to work on /home/airflow/.local/lib/python3.12/site-packages/airflow/example_dags/example_xcom.py
[2025-10-04T06:24:55.521+0000] {processor.py:830} INFO - Processing file /home/airflow/.local/lib/python3.12/site-packages/airflow/example_dags/example_xcom.py for tasks to queue
[2025-10-04T06:24:55.529+0000] {logging_mixin.py:188} INFO - [2025-10-04T06:24:55.524+0000] {dagbag.py:545} INFO - Filling up the DagBag from /home/airflow/.local/lib/python3.12/site-packages/airflow/example_dags/example_xcom.py
[2025-10-04T06:24:55.564+0000] {processor.py:840} INFO - DAG(s) 'example_xcom' retrieved from /home/airflow/.local/lib/python3.12/site-packages/airflow/example_dags/example_xcom.py
[2025-10-04T06:24:56.137+0000] {logging_mixin.py:188} INFO - [2025-10-04T06:24:56.136+0000] {dag.py:3096} INFO - Sync 1 DAGs
[2025-10-04T06:24:56.267+0000] {logging_mixin.py:188} INFO - [2025-10-04T06:24:56.266+0000] {dag.py:3954} INFO - Setting next_dagrun for example_xcom to 2021-01-01 00:00:00+00:00, run_after=2021-01-01 00:00:00+00:00
[2025-10-04T06:24:56.403+0000] {processor.py:183} INFO - Processing /home/airflow/.local/lib/python3.12/site-packages/airflow/example_dags/example_xcom.py took 0.900 seconds
[2025-10-04T06:25:26.572+0000] {processor.py:161} INFO - Started process (PID=106) to work on /home/airflow/.local/lib/python3.12/site-packages/airflow/example_dags/example_xcom.py
[2025-10-04T06:25:26.574+0000] {processor.py:830} INFO - Processing file /home/airflow/.local/lib/python3.12/site-packages/airflow/example_dags/example_xcom.py for tasks to queue
[2025-10-04T06:25:26.578+0000] {logging_mixin.py:188} INFO - [2025-10-04T06:25:26.577+0000] {dagbag.py:545} INFO - Filling up the DagBag from /home/airflow/.local/lib/python3.12/site-packages/airflow/example_dags/example_xcom.py
[2025-10-04T06:25:26.593+0000] {processor.py:840} INFO - DAG(s) 'example_xcom' retrieved from /home/airflow/.local/lib/python3.12/site-packages/airflow/example_dags/example_xcom.py
[2025-10-04T06:25:26.632+0000] {logging_mixin.py:188} INFO - [2025-10-04T06:25:26.631+0000] {dag.py:3096} INFO - Sync 1 DAGs
[2025-10-04T06:25:26.674+0000] {logging_mixin.py:188} INFO - [2025-10-04T06:25:26.673+0000] {dag.py:3954} INFO - Setting next_dagrun for example_xcom to 2021-01-01 00:00:00+00:00, run_after=2021-01-01 00:00:00+00:00
[2025-10-04T06:25:26.743+0000] {processor.py:183} INFO - Processing /home/airflow/.local/lib/python3.12/site-packages/airflow/example_dags/example_xcom.py took 0.180 seconds
[2025-10-04T06:25:59.576+0000] {processor.py:161} INFO - Started process (PID=160) to work on /home/airflow/.local/lib/python3.12/site-packages/airflow/example_dags/example_xcom.py
[2025-10-04T06:25:59.579+0000] {processor.py:830} INFO - Processing file /home/airflow/.local/lib/python3.12/site-packages/airflow/example_dags/example_xcom.py for tasks to queue
[2025-10-04T06:25:59.586+0000] {logging_mixin.py:188} INFO - [2025-10-04T06:25:59.584+0000] {dagbag.py:545} INFO - Filling up the DagBag from /home/airflow/.local/lib/python3.12/site-packages/airflow/example_dags/example_xcom.py
[2025-10-04T06:25:59.611+0000] {processor.py:840} INFO - DAG(s) 'example_xcom' retrieved from /home/airflow/.local/lib/python3.12/site-packages/airflow/example_dags/example_xcom.py
[2025-10-04T06:25:59.701+0000] {logging_mixin.py:188} INFO - [2025-10-04T06:25:59.700+0000] {dag.py:3096} INFO - Sync 1 DAGs
[2025-10-04T06:25:59.809+0000] {logging_mixin.py:188} INFO - [2025-10-04T06:25:59.808+0000] {dag.py:3954} INFO - Setting next_dagrun for example_xcom to 2021-01-01 00:00:00+00:00, run_after=2021-01-01 00:00:00+00:00
[2025-10-04T06:25:59.874+0000] {processor.py:183} INFO - Processing /home/airflow/.local/lib/python3.12/site-packages/airflow/example_dags/example_xcom.py took 0.317 seconds
