[2025-10-04T06:24:47.834+0000] {processor.py:161} INFO - Started process (PID=40) to work on /home/airflow/.local/lib/python3.12/site-packages/airflow/example_dags/example_bash_decorator.py
[2025-10-04T06:24:47.843+0000] {processor.py:830} INFO - Processing file /home/airflow/.local/lib/python3.12/site-packages/airflow/example_dags/example_bash_decorator.py for tasks to queue
[2025-10-04T06:24:47.853+0000] {logging_mixin.py:188} INFO - [2025-10-04T06:24:47.851+0000] {dagbag.py:545} INFO - Filling up the DagBag from /home/airflow/.local/lib/python3.12/site-packages/airflow/example_dags/example_bash_decorator.py
[2025-10-04T06:24:48.070+0000] {processor.py:840} INFO - DAG(s) 'example_bash_decorator' retrieved from /home/airflow/.local/lib/python3.12/site-packages/airflow/example_dags/example_bash_decorator.py
[2025-10-04T06:24:48.654+0000] {logging_mixin.py:188} INFO - [2025-10-04T06:24:48.654+0000] {dag.py:3096} INFO - Sync 1 DAGs
[2025-10-04T06:24:48.702+0000] {logging_mixin.py:188} INFO - [2025-10-04T06:24:48.702+0000] {dag.py:3954} INFO - Setting next_dagrun for example_bash_decorator to None, run_after=None
[2025-10-04T06:24:48.827+0000] {processor.py:183} INFO - Processing /home/airflow/.local/lib/python3.12/site-packages/airflow/example_dags/example_bash_decorator.py took 1.034 seconds
[2025-10-04T06:25:19.002+0000] {processor.py:161} INFO - Started process (PID=94) to work on /home/airflow/.local/lib/python3.12/site-packages/airflow/example_dags/example_bash_decorator.py
[2025-10-04T06:25:19.005+0000] {processor.py:830} INFO - Processing file /home/airflow/.local/lib/python3.12/site-packages/airflow/example_dags/example_bash_decorator.py for tasks to queue
[2025-10-04T06:25:19.010+0000] {logging_mixin.py:188} INFO - [2025-10-04T06:25:19.009+0000] {dagbag.py:545} INFO - Filling up the DagBag from /home/airflow/.local/lib/python3.12/site-packages/airflow/example_dags/example_bash_decorator.py
[2025-10-04T06:25:19.039+0000] {processor.py:840} INFO - DAG(s) 'example_bash_decorator' retrieved from /home/airflow/.local/lib/python3.12/site-packages/airflow/example_dags/example_bash_decorator.py
[2025-10-04T06:25:19.086+0000] {logging_mixin.py:188} INFO - [2025-10-04T06:25:19.086+0000] {dag.py:3096} INFO - Sync 1 DAGs
[2025-10-04T06:25:19.114+0000] {logging_mixin.py:188} INFO - [2025-10-04T06:25:19.113+0000] {dag.py:3954} INFO - Setting next_dagrun for example_bash_decorator to None, run_after=None
[2025-10-04T06:25:19.160+0000] {processor.py:183} INFO - Processing /home/airflow/.local/lib/python3.12/site-packages/airflow/example_dags/example_bash_decorator.py took 0.175 seconds
[2025-10-04T06:25:55.854+0000] {processor.py:161} INFO - Started process (PID=148) to work on /home/airflow/.local/lib/python3.12/site-packages/airflow/example_dags/example_bash_decorator.py
[2025-10-04T06:25:55.857+0000] {processor.py:830} INFO - Processing file /home/airflow/.local/lib/python3.12/site-packages/airflow/example_dags/example_bash_decorator.py for tasks to queue
[2025-10-04T06:25:55.869+0000] {logging_mixin.py:188} INFO - [2025-10-04T06:25:55.863+0000] {dagbag.py:545} INFO - Filling up the DagBag from /home/airflow/.local/lib/python3.12/site-packages/airflow/example_dags/example_bash_decorator.py
[2025-10-04T06:25:55.966+0000] {processor.py:840} INFO - DAG(s) 'example_bash_decorator' retrieved from /home/airflow/.local/lib/python3.12/site-packages/airflow/example_dags/example_bash_decorator.py
[2025-10-04T06:25:56.092+0000] {logging_mixin.py:188} INFO - [2025-10-04T06:25:56.090+0000] {dag.py:3096} INFO - Sync 1 DAGs
[2025-10-04T06:25:56.165+0000] {logging_mixin.py:188} INFO - [2025-10-04T06:25:56.164+0000] {dag.py:3954} INFO - Setting next_dagrun for example_bash_decorator to None, run_after=None
[2025-10-04T06:25:56.274+0000] {processor.py:183} INFO - Processing /home/airflow/.local/lib/python3.12/site-packages/airflow/example_dags/example_bash_decorator.py took 0.441 seconds
