[2025-10-04T06:24:59.241+0000] {processor.py:161} INFO - Started process (PID=61) to work on /home/airflow/.local/lib/python3.12/site-packages/airflow/example_dags/example_short_circuit_decorator.py
[2025-10-04T06:24:59.245+0000] {processor.py:830} INFO - Processing file /home/airflow/.local/lib/python3.12/site-packages/airflow/example_dags/example_short_circuit_decorator.py for tasks to queue
[2025-10-04T06:24:59.253+0000] {logging_mixin.py:188} INFO - [2025-10-04T06:24:59.252+0000] {dagbag.py:545} INFO - Filling up the DagBag from /home/airflow/.local/lib/python3.12/site-packages/airflow/example_dags/example_short_circuit_decorator.py
[2025-10-04T06:24:59.299+0000] {processor.py:840} INFO - DAG(s) 'example_short_circuit_decorator' retrieved from /home/airflow/.local/lib/python3.12/site-packages/airflow/example_dags/example_short_circuit_decorator.py
[2025-10-04T06:24:59.708+0000] {logging_mixin.py:188} INFO - [2025-10-04T06:24:59.707+0000] {dag.py:3096} INFO - Sync 1 DAGs
[2025-10-04T06:24:59.829+0000] {logging_mixin.py:188} INFO - [2025-10-04T06:24:59.828+0000] {dag.py:3954} INFO - Setting next_dagrun for example_short_circuit_decorator to 2025-10-03 00:00:00+00:00, run_after=2025-10-04 00:00:00+00:00
[2025-10-04T06:24:59.921+0000] {processor.py:183} INFO - Processing /home/airflow/.local/lib/python3.12/site-packages/airflow/example_dags/example_short_circuit_decorator.py took 0.696 seconds
[2025-10-04T06:25:30.147+0000] {processor.py:161} INFO - Started process (PID=115) to work on /home/airflow/.local/lib/python3.12/site-packages/airflow/example_dags/example_short_circuit_decorator.py
[2025-10-04T06:25:30.150+0000] {processor.py:830} INFO - Processing file /home/airflow/.local/lib/python3.12/site-packages/airflow/example_dags/example_short_circuit_decorator.py for tasks to queue
[2025-10-04T06:25:30.157+0000] {logging_mixin.py:188} INFO - [2025-10-04T06:25:30.156+0000] {dagbag.py:545} INFO - Filling up the DagBag from /home/airflow/.local/lib/python3.12/site-packages/airflow/example_dags/example_short_circuit_decorator.py
[2025-10-04T06:25:30.211+0000] {processor.py:840} INFO - DAG(s) 'example_short_circuit_decorator' retrieved from /home/airflow/.local/lib/python3.12/site-packages/airflow/example_dags/example_short_circuit_decorator.py
[2025-10-04T06:25:30.440+0000] {logging_mixin.py:188} INFO - [2025-10-04T06:25:30.439+0000] {dag.py:3096} INFO - Sync 1 DAGs
[2025-10-04T06:25:30.595+0000] {logging_mixin.py:188} INFO - [2025-10-04T06:25:30.595+0000] {dag.py:3954} INFO - Setting next_dagrun for example_short_circuit_decorator to 2025-10-03 00:00:00+00:00, run_after=2025-10-04 00:00:00+00:00
[2025-10-04T06:25:32.991+0000] {processor.py:183} INFO - Processing /home/airflow/.local/lib/python3.12/site-packages/airflow/example_dags/example_short_circuit_decorator.py took 2.860 seconds
[2025-10-04T06:26:03.768+0000] {processor.py:161} INFO - Started process (PID=169) to work on /home/airflow/.local/lib/python3.12/site-packages/airflow/example_dags/example_short_circuit_decorator.py
[2025-10-04T06:26:03.771+0000] {processor.py:830} INFO - Processing file /home/airflow/.local/lib/python3.12/site-packages/airflow/example_dags/example_short_circuit_decorator.py for tasks to queue
[2025-10-04T06:26:03.777+0000] {logging_mixin.py:188} INFO - [2025-10-04T06:26:03.775+0000] {dagbag.py:545} INFO - Filling up the DagBag from /home/airflow/.local/lib/python3.12/site-packages/airflow/example_dags/example_short_circuit_decorator.py
[2025-10-04T06:26:03.808+0000] {processor.py:840} INFO - DAG(s) 'example_short_circuit_decorator' retrieved from /home/airflow/.local/lib/python3.12/site-packages/airflow/example_dags/example_short_circuit_decorator.py
[2025-10-04T06:26:03.885+0000] {logging_mixin.py:188} INFO - [2025-10-04T06:26:03.885+0000] {dag.py:3096} INFO - Sync 1 DAGs
[2025-10-04T06:26:04.028+0000] {logging_mixin.py:188} INFO - [2025-10-04T06:26:04.027+0000] {dag.py:3954} INFO - Setting next_dagrun for example_short_circuit_decorator to 2025-10-03 00:00:00+00:00, run_after=2025-10-04 00:00:00+00:00
[2025-10-04T06:26:04.144+0000] {processor.py:183} INFO - Processing /home/airflow/.local/lib/python3.12/site-packages/airflow/example_dags/example_short_circuit_decorator.py took 0.397 seconds
