[2025-10-04T06:24:58.602+0000] {processor.py:161} INFO - Started process (PID=59) to work on /home/airflow/.local/lib/python3.12/site-packages/airflow/example_dags/example_branch_day_of_week_operator.py
[2025-10-04T06:24:58.605+0000] {processor.py:830} INFO - Processing file /home/airflow/.local/lib/python3.12/site-packages/airflow/example_dags/example_branch_day_of_week_operator.py for tasks to queue
[2025-10-04T06:24:58.610+0000] {logging_mixin.py:188} INFO - [2025-10-04T06:24:58.608+0000] {dagbag.py:545} INFO - Filling up the DagBag from /home/airflow/.local/lib/python3.12/site-packages/airflow/example_dags/example_branch_day_of_week_operator.py
[2025-10-04T06:24:58.636+0000] {processor.py:840} INFO - DAG(s) 'example_weekday_branch_operator' retrieved from /home/airflow/.local/lib/python3.12/site-packages/airflow/example_dags/example_branch_day_of_week_operator.py
[2025-10-04T06:24:58.972+0000] {logging_mixin.py:188} INFO - [2025-10-04T06:24:58.971+0000] {dag.py:3096} INFO - Sync 1 DAGs
[2025-10-04T06:24:59.074+0000] {logging_mixin.py:188} INFO - [2025-10-04T06:24:59.073+0000] {dag.py:3954} INFO - Setting next_dagrun for example_weekday_branch_operator to 2025-10-03 00:00:00+00:00, run_after=2025-10-04 00:00:00+00:00
[2025-10-04T06:24:59.140+0000] {processor.py:183} INFO - Processing /home/airflow/.local/lib/python3.12/site-packages/airflow/example_dags/example_branch_day_of_week_operator.py took 0.551 seconds
[2025-10-04T06:25:29.487+0000] {processor.py:161} INFO - Started process (PID=113) to work on /home/airflow/.local/lib/python3.12/site-packages/airflow/example_dags/example_branch_day_of_week_operator.py
[2025-10-04T06:25:29.493+0000] {processor.py:830} INFO - Processing file /home/airflow/.local/lib/python3.12/site-packages/airflow/example_dags/example_branch_day_of_week_operator.py for tasks to queue
[2025-10-04T06:25:29.503+0000] {logging_mixin.py:188} INFO - [2025-10-04T06:25:29.501+0000] {dagbag.py:545} INFO - Filling up the DagBag from /home/airflow/.local/lib/python3.12/site-packages/airflow/example_dags/example_branch_day_of_week_operator.py
[2025-10-04T06:25:29.559+0000] {processor.py:840} INFO - DAG(s) 'example_weekday_branch_operator' retrieved from /home/airflow/.local/lib/python3.12/site-packages/airflow/example_dags/example_branch_day_of_week_operator.py
[2025-10-04T06:25:29.744+0000] {logging_mixin.py:188} INFO - [2025-10-04T06:25:29.743+0000] {dag.py:3096} INFO - Sync 1 DAGs
[2025-10-04T06:25:29.949+0000] {logging_mixin.py:188} INFO - [2025-10-04T06:25:29.948+0000] {dag.py:3954} INFO - Setting next_dagrun for example_weekday_branch_operator to 2025-10-03 00:00:00+00:00, run_after=2025-10-04 00:00:00+00:00
[2025-10-04T06:25:30.063+0000] {processor.py:183} INFO - Processing /home/airflow/.local/lib/python3.12/site-packages/airflow/example_dags/example_branch_day_of_week_operator.py took 0.600 seconds
[2025-10-04T06:26:01.294+0000] {processor.py:161} INFO - Started process (PID=167) to work on /home/airflow/.local/lib/python3.12/site-packages/airflow/example_dags/example_branch_day_of_week_operator.py
[2025-10-04T06:26:01.310+0000] {processor.py:830} INFO - Processing file /home/airflow/.local/lib/python3.12/site-packages/airflow/example_dags/example_branch_day_of_week_operator.py for tasks to queue
[2025-10-04T06:26:01.333+0000] {logging_mixin.py:188} INFO - [2025-10-04T06:26:01.332+0000] {dagbag.py:545} INFO - Filling up the DagBag from /home/airflow/.local/lib/python3.12/site-packages/airflow/example_dags/example_branch_day_of_week_operator.py
[2025-10-04T06:26:01.395+0000] {processor.py:840} INFO - DAG(s) 'example_weekday_branch_operator' retrieved from /home/airflow/.local/lib/python3.12/site-packages/airflow/example_dags/example_branch_day_of_week_operator.py
[2025-10-04T06:26:01.494+0000] {logging_mixin.py:188} INFO - [2025-10-04T06:26:01.493+0000] {dag.py:3096} INFO - Sync 1 DAGs
[2025-10-04T06:26:01.613+0000] {logging_mixin.py:188} INFO - [2025-10-04T06:26:01.612+0000] {dag.py:3954} INFO - Setting next_dagrun for example_weekday_branch_operator to 2025-10-03 00:00:00+00:00, run_after=2025-10-04 00:00:00+00:00
[2025-10-04T06:26:01.705+0000] {processor.py:183} INFO - Processing /home/airflow/.local/lib/python3.12/site-packages/airflow/example_dags/example_branch_day_of_week_operator.py took 0.444 seconds
