[2025-10-04T06:24:58.783+0000] {processor.py:161} INFO - Started process (PID=60) to work on /home/airflow/.local/lib/python3.12/site-packages/airflow/example_dags/example_sla_dag.py
[2025-10-04T06:24:58.786+0000] {processor.py:830} INFO - Processing file /home/airflow/.local/lib/python3.12/site-packages/airflow/example_dags/example_sla_dag.py for tasks to queue
[2025-10-04T06:24:58.790+0000] {logging_mixin.py:188} INFO - [2025-10-04T06:24:58.790+0000] {dagbag.py:545} INFO - Filling up the DagBag from /home/airflow/.local/lib/python3.12/site-packages/airflow/example_dags/example_sla_dag.py
[2025-10-04T06:24:58.814+0000] {processor.py:840} INFO - DAG(s) 'example_sla_dag' retrieved from /home/airflow/.local/lib/python3.12/site-packages/airflow/example_dags/example_sla_dag.py
[2025-10-04T06:24:59.159+0000] {logging_mixin.py:188} INFO - [2025-10-04T06:24:59.158+0000] {dag.py:3096} INFO - Sync 1 DAGs
[2025-10-04T06:24:59.252+0000] {logging_mixin.py:188} INFO - [2025-10-04T06:24:59.251+0000] {dag.py:3954} INFO - Setting next_dagrun for example_sla_dag to 2025-10-04 06:22:00+00:00, run_after=2025-10-04 06:24:00+00:00
[2025-10-04T06:24:59.332+0000] {processor.py:183} INFO - Processing /home/airflow/.local/lib/python3.12/site-packages/airflow/example_dags/example_sla_dag.py took 0.567 seconds
[2025-10-04T06:25:29.993+0000] {processor.py:161} INFO - Started process (PID=114) to work on /home/airflow/.local/lib/python3.12/site-packages/airflow/example_dags/example_sla_dag.py
[2025-10-04T06:25:30.002+0000] {processor.py:830} INFO - Processing file /home/airflow/.local/lib/python3.12/site-packages/airflow/example_dags/example_sla_dag.py for tasks to queue
[2025-10-04T06:25:30.028+0000] {logging_mixin.py:188} INFO - [2025-10-04T06:25:30.026+0000] {dagbag.py:545} INFO - Filling up the DagBag from /home/airflow/.local/lib/python3.12/site-packages/airflow/example_dags/example_sla_dag.py
[2025-10-04T06:25:30.149+0000] {processor.py:840} INFO - DAG(s) 'example_sla_dag' retrieved from /home/airflow/.local/lib/python3.12/site-packages/airflow/example_dags/example_sla_dag.py
[2025-10-04T06:25:30.275+0000] {logging_mixin.py:188} INFO - [2025-10-04T06:25:30.274+0000] {dag.py:3096} INFO - Sync 1 DAGs
[2025-10-04T06:25:30.535+0000] {logging_mixin.py:188} INFO - [2025-10-04T06:25:30.535+0000] {dag.py:3954} INFO - Setting next_dagrun for example_sla_dag to 2025-10-04 06:22:00+00:00, run_after=2025-10-04 06:24:00+00:00
[2025-10-04T06:25:32.989+0000] {processor.py:183} INFO - Processing /home/airflow/.local/lib/python3.12/site-packages/airflow/example_dags/example_sla_dag.py took 3.042 seconds
[2025-10-04T06:26:03.765+0000] {processor.py:161} INFO - Started process (PID=168) to work on /home/airflow/.local/lib/python3.12/site-packages/airflow/example_dags/example_sla_dag.py
[2025-10-04T06:26:03.768+0000] {processor.py:830} INFO - Processing file /home/airflow/.local/lib/python3.12/site-packages/airflow/example_dags/example_sla_dag.py for tasks to queue
[2025-10-04T06:26:03.774+0000] {logging_mixin.py:188} INFO - [2025-10-04T06:26:03.773+0000] {dagbag.py:545} INFO - Filling up the DagBag from /home/airflow/.local/lib/python3.12/site-packages/airflow/example_dags/example_sla_dag.py
[2025-10-04T06:26:03.801+0000] {processor.py:840} INFO - DAG(s) 'example_sla_dag' retrieved from /home/airflow/.local/lib/python3.12/site-packages/airflow/example_dags/example_sla_dag.py
[2025-10-04T06:26:03.854+0000] {logging_mixin.py:188} INFO - [2025-10-04T06:26:03.853+0000] {dag.py:3096} INFO - Sync 1 DAGs
[2025-10-04T06:26:04.031+0000] {logging_mixin.py:188} INFO - [2025-10-04T06:26:04.030+0000] {dag.py:3954} INFO - Setting next_dagrun for example_sla_dag to 2025-10-04 06:24:00+00:00, run_after=2025-10-04 06:26:00+00:00
[2025-10-04T06:26:04.135+0000] {processor.py:183} INFO - Processing /home/airflow/.local/lib/python3.12/site-packages/airflow/example_dags/example_sla_dag.py took 0.390 seconds
